2020-10-21 10:44:38,201 INFO org.hibernate.validator.internal.util.Version [background-preinit] HV000001: Hibernate Validator 5.2.4.Final
2020-10-21 10:44:38,225 INFO org.springframework.boot.StartupInfoLogger [restartedMain] Starting SpringdocumentsApplication on DESKTOP-CIGCQPK with PID 1052 (D:\Лабы\Java\proj\target\classes started by Nikita in D:\Лабы\Java\proj)
2020-10-21 10:44:38,228 DEBUG org.springframework.boot.StartupInfoLogger [restartedMain] Running with Spring Boot v2.3.4.RELEASE, Spring v5.2.9.RELEASE
2020-10-21 10:44:38,228 INFO org.springframework.boot.SpringApplication [restartedMain] No active profile set, falling back to default profiles: default
2020-10-21 10:44:38,274 INFO org.springframework.boot.logging.DeferredLog [restartedMain] Devtools property defaults active! Set 'spring.devtools.add-properties' to 'false' to disable
2020-10-21 10:44:38,279 INFO org.springframework.boot.logging.DeferredLog [restartedMain] For additional web related logging consider setting the 'logging.level.web' property to 'DEBUG'
2020-10-21 10:44:39,251 INFO org.springframework.data.repository.config.RepositoryConfigurationDelegate [restartedMain] Bootstrapping Spring Data JPA repositories in DEFERRED mode.
2020-10-21 10:44:39,332 INFO org.springframework.data.repository.config.RepositoryConfigurationDelegate [restartedMain] Finished Spring Data repository scanning in 73ms. Found 5 JPA repository interfaces.
2020-10-21 10:44:39,957 INFO org.springframework.boot.web.embedded.tomcat.TomcatWebServer [restartedMain] Tomcat initialized with port(s): 8080 (http)
2020-10-21 10:44:39,967 INFO org.apache.juli.logging.DirectJDKLog [restartedMain] Initializing ProtocolHandler ["http-nio-8080"]
2020-10-21 10:44:39,968 INFO org.apache.juli.logging.DirectJDKLog [restartedMain] Starting service [Tomcat]
2020-10-21 10:44:39,968 INFO org.apache.juli.logging.DirectJDKLog [restartedMain] Starting Servlet engine: [Apache Tomcat/9.0.38]
2020-10-21 10:44:40,124 INFO org.apache.juli.logging.DirectJDKLog [restartedMain] Initializing Spring embedded WebApplicationContext
2020-10-21 10:44:40,125 INFO org.springframework.boot.web.servlet.context.ServletWebServerApplicationContext [restartedMain] Root WebApplicationContext: initialization completed in 1846 ms
2020-10-21 10:44:40,239 INFO org.springframework.scheduling.concurrent.ExecutorConfigurationSupport [restartedMain] Initializing ExecutorService 'applicationTaskExecutor'
2020-10-21 10:44:40,283 INFO org.hibernate.jpa.internal.util.LogHelper [task-1] HHH000204: Processing PersistenceUnitInfo [name: default]
2020-10-21 10:44:40,337 INFO org.hibernate.Version [task-1] HHH000412: Hibernate ORM core version 5.4.21.Final
2020-10-21 10:44:40,425 WARN org.springframework.boot.autoconfigure.orm.jpa.JpaBaseConfiguration$JpaWebConfiguration [restartedMain] spring.jpa.open-in-view is enabled by default. Therefore, database queries may be performed during view rendering. Explicitly configure spring.jpa.open-in-view to disable this warning
2020-10-21 10:44:40,490 DEBUG org.springframework.web.filter.GenericFilterBean [restartedMain] Filter 'jwtFilter' configured for use
2020-10-21 10:44:40,490 INFO org.hibernate.annotations.common.reflection.java.JavaReflectionManager [task-1] HCANN000001: Hibernate Commons Annotations {5.1.0.Final}
2020-10-21 10:44:40,596 INFO com.zaxxer.hikari.HikariDataSource [task-1] HikariPool-1 - Starting...
2020-10-21 10:44:40,642 INFO org.springframework.security.web.DefaultSecurityFilterChain [restartedMain] Creating filter chain: Ant [pattern='resources/static//js/**'], []
2020-10-21 10:44:40,997 INFO com.zaxxer.hikari.HikariDataSource [task-1] HikariPool-1 - Start completed.
2020-10-21 10:44:41,030 INFO org.hibernate.dialect.Dialect [task-1] HHH000400: Using dialect: org.hibernate.dialect.PostgreSQL10Dialect
2020-10-21 10:44:41,244 INFO org.springframework.security.web.DefaultSecurityFilterChain [restartedMain] Creating filter chain: any request, [org.springframework.security.web.context.request.async.WebAsyncManagerIntegrationFilter@4dde9995, org.springframework.security.web.context.SecurityContextPersistenceFilter@74625049, org.springframework.security.web.header.HeaderWriterFilter@dedc88d, org.springframework.web.filter.CorsFilter@6b7e9ced, org.springframework.security.web.authentication.logout.LogoutFilter@337a9ec3, com.derkovich.springdocuments.config.jwt.JwtFilter@1f49ebaa, org.springframework.security.web.savedrequest.RequestCacheAwareFilter@e560fbe, org.springframework.security.web.servletapi.SecurityContextHolderAwareRequestFilter@40586fad, org.springframework.security.web.authentication.AnonymousAuthenticationFilter@510380db, org.springframework.security.web.session.SessionManagementFilter@159f4aea, org.springframework.security.web.access.ExceptionTranslationFilter@6cad92b, org.springframework.security.web.access.intercept.FilterSecurityInterceptor@33602a6e]
2020-10-21 10:44:41,259 WARN org.thymeleaf.templatemode.TemplateMode [restartedMain] [THYMELEAF][restartedMain] Template Mode 'HTML5' is deprecated. Using Template Mode 'HTML' instead.
2020-10-21 10:44:41,365 WARN org.springframework.boot.autoconfigure.thymeleaf.ThymeleafAutoConfiguration$DefaultTemplateResolverConfiguration [restartedMain] Cannot find template location: classpath:/templates/WEB-INF/ (please add some templates or check your Thymeleaf configuration)
2020-10-21 10:44:41,530 INFO org.springframework.boot.devtools.autoconfigure.OptionalLiveReloadServer [restartedMain] LiveReload server is running on port 35729
2020-10-21 10:44:41,550 INFO org.apache.juli.logging.DirectJDKLog [restartedMain] Starting ProtocolHandler ["http-nio-8080"]
2020-10-21 10:44:41,576 INFO org.springframework.boot.web.embedded.tomcat.TomcatWebServer [restartedMain] Tomcat started on port(s): 8080 (http) with context path ''
2020-10-21 10:44:41,579 INFO org.springframework.data.repository.config.DeferredRepositoryInitializationListener [restartedMain] Triggering deferred initialization of Spring Data repositories…
2020-10-21 10:44:41,868 INFO org.hibernate.engine.transaction.jta.platform.internal.JtaPlatformInitiator [task-1] HHH000490: Using JtaPlatform implementation: [org.hibernate.engine.transaction.jta.platform.internal.NoJtaPlatform]
2020-10-21 10:44:41,889 INFO org.springframework.orm.jpa.AbstractEntityManagerFactoryBean [task-1] Initialized JPA EntityManagerFactory for persistence unit 'default'
2020-10-21 10:44:42,413 INFO org.springframework.data.repository.config.DeferredRepositoryInitializationListener [restartedMain] Spring Data repositories initialized!
2020-10-21 10:44:42,423 INFO org.springframework.boot.StartupInfoLogger [restartedMain] Started SpringdocumentsApplication in 4.644 seconds (JVM running for 6.631)
2020-10-21 10:44:46,915 INFO org.apache.juli.logging.DirectJDKLog [http-nio-8080-exec-1] Initializing Spring DispatcherServlet 'dispatcherServlet'
2020-10-21 10:44:46,915 INFO org.springframework.web.servlet.FrameworkServlet [http-nio-8080-exec-1] Initializing Servlet 'dispatcherServlet'
2020-10-21 10:44:46,927 INFO org.springframework.web.servlet.FrameworkServlet [http-nio-8080-exec-1] Completed initialization in 11 ms
2020-10-21 10:44:46,994 INFO com.derkovich.springdocuments.config.jwt.JwtFilter [http-nio-8080-exec-2] do filter...
2020-10-21 10:44:47,006 INFO com.derkovich.springdocuments.config.jwt.JwtFilter [http-nio-8080-exec-2] do filter...
2020-10-21 10:44:58,871 INFO com.derkovich.springdocuments.config.jwt.JwtFilter [http-nio-8080-exec-4] do filter...
2020-10-21 10:44:58,936 INFO com.derkovich.springdocuments.config.jwt.JwtFilter [http-nio-8080-exec-4] do filter...
2020-10-21 10:46:32,124 INFO com.derkovich.springdocuments.config.jwt.JwtFilter [http-nio-8080-exec-7] do filter...
2020-10-21 10:46:32,142 INFO com.derkovich.springdocuments.config.jwt.JwtFilter [http-nio-8080-exec-7] do filter...
2020-10-21 10:46:33,073 INFO com.derkovich.springdocuments.config.jwt.JwtFilter [http-nio-8080-exec-8] do filter...
2020-10-21 10:46:33,090 INFO com.derkovich.springdocuments.config.jwt.JwtFilter [http-nio-8080-exec-8] do filter...
2020-10-21 10:46:33,274 INFO com.derkovich.springdocuments.config.jwt.JwtFilter [http-nio-8080-exec-9] do filter...
2020-10-21 10:46:33,291 INFO com.derkovich.springdocuments.config.jwt.JwtFilter [http-nio-8080-exec-9] do filter...
2020-10-21 10:46:33,591 INFO com.derkovich.springdocuments.config.jwt.JwtFilter [http-nio-8080-exec-10] do filter...
2020-10-21 10:46:33,598 INFO com.derkovich.springdocuments.config.jwt.JwtFilter [http-nio-8080-exec-10] do filter...
2020-10-21 10:46:34,017 INFO com.derkovich.springdocuments.config.jwt.JwtFilter [http-nio-8080-exec-1] do filter...
2020-10-21 10:46:34,031 INFO com.derkovich.springdocuments.config.jwt.JwtFilter [http-nio-8080-exec-1] do filter...
2020-10-21 10:46:34,408 INFO com.derkovich.springdocuments.config.jwt.JwtFilter [http-nio-8080-exec-2] do filter...
2020-10-21 10:46:34,423 INFO com.derkovich.springdocuments.config.jwt.JwtFilter [http-nio-8080-exec-2] do filter...
2020-10-21 10:46:34,708 INFO com.derkovich.springdocuments.config.jwt.JwtFilter [http-nio-8080-exec-3] do filter...
2020-10-21 10:46:34,722 INFO com.derkovich.springdocuments.config.jwt.JwtFilter [http-nio-8080-exec-3] do filter...
2020-10-21 10:46:39,315 INFO com.derkovich.springdocuments.config.jwt.JwtFilter [http-nio-8080-exec-4] do filter...
2020-10-21 10:46:39,329 INFO com.derkovich.springdocuments.config.jwt.JwtFilter [http-nio-8080-exec-4] do filter...
2020-10-21 10:47:23,313 INFO com.derkovich.springdocuments.config.jwt.JwtFilter [http-nio-8080-exec-5] do filter...
2020-10-21 10:47:23,317 INFO com.derkovich.springdocuments.config.jwt.JwtFilter [http-nio-8080-exec-5] do filter...
2020-10-21 10:48:05,796 INFO com.derkovich.springdocuments.config.jwt.JwtFilter [http-nio-8080-exec-6] do filter...
2020-10-21 10:48:05,810 INFO com.derkovich.springdocuments.config.jwt.JwtFilter [http-nio-8080-exec-6] do filter...
2020-10-21 10:48:23,511 INFO com.derkovich.springdocuments.config.jwt.JwtFilter [http-nio-8080-exec-7] do filter...
2020-10-21 10:48:23,515 INFO com.derkovich.springdocuments.config.jwt.JwtFilter [http-nio-8080-exec-7] do filter...
2020-10-21 10:48:31,697 INFO com.derkovich.springdocuments.config.jwt.JwtFilter [http-nio-8080-exec-8] do filter...
2020-10-21 10:48:31,708 INFO com.derkovich.springdocuments.config.jwt.JwtFilter [http-nio-8080-exec-8] do filter...
2020-10-21 10:49:05,095 INFO com.derkovich.springdocuments.config.jwt.JwtFilter [http-nio-8080-exec-9] do filter...
2020-10-21 10:49:05,107 INFO com.derkovich.springdocuments.config.jwt.JwtFilter [http-nio-8080-exec-9] do filter...
2020-10-21 10:49:09,269 INFO com.derkovich.springdocuments.config.jwt.JwtFilter [http-nio-8080-exec-10] do filter...
2020-10-21 10:49:09,273 INFO com.derkovich.springdocuments.config.jwt.JwtFilter [http-nio-8080-exec-10] do filter...
2020-10-21 10:49:09,992 INFO com.derkovich.springdocuments.config.jwt.JwtFilter [http-nio-8080-exec-1] do filter...
2020-10-21 10:49:10,002 INFO com.derkovich.springdocuments.config.jwt.JwtFilter [http-nio-8080-exec-1] do filter...
2020-10-21 10:49:14,482 INFO com.derkovich.springdocuments.config.jwt.JwtFilter [http-nio-8080-exec-2] do filter...
2020-10-21 10:49:14,492 INFO com.derkovich.springdocuments.config.jwt.JwtFilter [http-nio-8080-exec-2] do filter...
2020-10-21 10:49:51,074 INFO com.derkovich.springdocuments.config.jwt.JwtFilter [http-nio-8080-exec-3] do filter...
2020-10-21 10:49:51,079 INFO com.derkovich.springdocuments.config.jwt.JwtFilter [http-nio-8080-exec-3] do filter...
2020-10-21 10:49:56,788 INFO com.derkovich.springdocuments.config.jwt.JwtFilter [http-nio-8080-exec-4] do filter...
2020-10-21 10:49:56,798 INFO com.derkovich.springdocuments.config.jwt.JwtFilter [http-nio-8080-exec-4] do filter...
2020-10-21 10:50:16,594 INFO com.derkovich.springdocuments.config.jwt.JwtFilter [http-nio-8080-exec-5] do filter...
2020-10-21 10:50:16,604 INFO com.derkovich.springdocuments.config.jwt.JwtFilter [http-nio-8080-exec-5] do filter...
2020-10-21 10:50:16,969 INFO com.derkovich.springdocuments.config.jwt.JwtFilter [http-nio-8080-exec-6] do filter...
2020-10-21 10:50:16,979 INFO com.derkovich.springdocuments.config.jwt.JwtFilter [http-nio-8080-exec-6] do filter...
2020-10-21 10:50:17,133 INFO com.derkovich.springdocuments.config.jwt.JwtFilter [http-nio-8080-exec-7] do filter...
2020-10-21 10:50:17,142 INFO com.derkovich.springdocuments.config.jwt.JwtFilter [http-nio-8080-exec-7] do filter...
2020-10-21 10:50:17,270 INFO com.derkovich.springdocuments.config.jwt.JwtFilter [http-nio-8080-exec-8] do filter...
2020-10-21 10:50:17,275 INFO com.derkovich.springdocuments.config.jwt.JwtFilter [http-nio-8080-exec-8] do filter...
2020-10-21 10:50:19,953 INFO com.derkovich.springdocuments.config.jwt.JwtFilter [http-nio-8080-exec-9] do filter...
2020-10-21 10:50:19,956 INFO com.derkovich.springdocuments.config.jwt.JwtFilter [http-nio-8080-exec-9] do filter...
2020-10-21 10:50:35,436 INFO com.derkovich.springdocuments.config.jwt.JwtFilter [http-nio-8080-exec-10] do filter...
2020-10-21 10:50:35,439 INFO com.derkovich.springdocuments.config.jwt.JwtFilter [http-nio-8080-exec-10] do filter...
2020-10-21 10:50:40,345 INFO com.derkovich.springdocuments.config.jwt.JwtFilter [http-nio-8080-exec-1] do filter...
2020-10-21 10:50:40,356 INFO com.derkovich.springdocuments.config.jwt.JwtFilter [http-nio-8080-exec-1] do filter...
2020-10-21 10:50:55,370 INFO com.derkovich.springdocuments.config.jwt.JwtFilter [http-nio-8080-exec-3] do filter...
2020-10-21 10:50:55,382 INFO com.derkovich.springdocuments.config.jwt.JwtFilter [http-nio-8080-exec-3] do filter...
2020-10-21 10:50:55,481 INFO com.derkovich.springdocuments.config.jwt.JwtFilter [http-nio-8080-exec-5] do filter...
2020-10-21 10:50:55,489 INFO com.derkovich.springdocuments.config.jwt.JwtFilter [http-nio-8080-exec-5] do filter...
2020-10-21 10:50:56,839 INFO com.derkovich.springdocuments.config.jwt.JwtFilter [http-nio-8080-exec-6] do filter...
2020-10-21 10:50:56,850 INFO com.derkovich.springdocuments.config.jwt.JwtFilter [http-nio-8080-exec-6] do filter...
2020-10-21 10:51:03,611 INFO com.derkovich.springdocuments.config.jwt.JwtFilter [http-nio-8080-exec-7] do filter...
2020-10-21 10:51:03,620 INFO com.derkovich.springdocuments.config.jwt.JwtFilter [http-nio-8080-exec-7] do filter...
2020-10-21 10:51:07,077 INFO com.derkovich.springdocuments.config.jwt.JwtFilter [http-nio-8080-exec-8] do filter...
2020-10-21 10:51:07,085 INFO com.derkovich.springdocuments.config.jwt.JwtFilter [http-nio-8080-exec-8] do filter...
2020-10-21 10:52:08,393 INFO com.derkovich.springdocuments.config.jwt.JwtFilter [http-nio-8080-exec-10] do filter...
2020-10-21 10:52:08,399 INFO com.derkovich.springdocuments.config.jwt.JwtFilter [http-nio-8080-exec-10] do filter...
2020-10-21 10:52:11,646 INFO com.derkovich.springdocuments.config.jwt.JwtFilter [http-nio-8080-exec-1] do filter...
2020-10-21 10:52:11,655 INFO com.derkovich.springdocuments.config.jwt.JwtFilter [http-nio-8080-exec-1] do filter...
2020-10-21 10:52:48,559 INFO com.derkovich.springdocuments.config.jwt.JwtFilter [http-nio-8080-exec-2] do filter...
2020-10-21 10:52:48,571 INFO com.derkovich.springdocuments.config.jwt.JwtFilter [http-nio-8080-exec-2] do filter...
2020-10-21 10:53:15,667 INFO com.derkovich.springdocuments.config.jwt.JwtFilter [http-nio-8080-exec-4] do filter...
2020-10-21 10:53:15,675 INFO com.derkovich.springdocuments.config.jwt.JwtFilter [http-nio-8080-exec-4] do filter...
2020-10-21 10:54:07,525 INFO com.derkovich.springdocuments.config.jwt.JwtFilter [http-nio-8080-exec-5] do filter...
2020-10-21 10:54:07,533 INFO com.derkovich.springdocuments.config.jwt.JwtFilter [http-nio-8080-exec-5] do filter...
2020-10-21 10:54:10,641 INFO com.derkovich.springdocuments.config.jwt.JwtFilter [http-nio-8080-exec-6] do filter...
2020-10-21 10:54:10,646 INFO com.derkovich.springdocuments.config.jwt.JwtFilter [http-nio-8080-exec-6] do filter...
2020-10-21 10:54:16,926 INFO com.derkovich.springdocuments.config.jwt.JwtFilter [http-nio-8080-exec-7] do filter...
2020-10-21 10:54:16,935 INFO com.derkovich.springdocuments.config.jwt.JwtFilter [http-nio-8080-exec-7] do filter...
2020-10-21 10:54:38,072 INFO com.derkovich.springdocuments.config.jwt.JwtFilter [http-nio-8080-exec-9] do filter...
2020-10-21 10:54:38,077 INFO com.derkovich.springdocuments.config.jwt.JwtFilter [http-nio-8080-exec-9] do filter...
2020-10-21 10:54:41,661 INFO com.derkovich.springdocuments.config.jwt.JwtFilter [http-nio-8080-exec-10] do filter...
2020-10-21 10:54:41,665 INFO com.derkovich.springdocuments.config.jwt.JwtFilter [http-nio-8080-exec-10] do filter...
2020-10-21 10:54:53,837 INFO com.derkovich.springdocuments.config.jwt.JwtFilter [http-nio-8080-exec-2] do filter...
2020-10-21 10:54:53,849 INFO com.derkovich.springdocuments.config.jwt.JwtFilter [http-nio-8080-exec-2] do filter...
2020-10-21 10:55:51,152 INFO com.derkovich.springdocuments.config.jwt.JwtFilter [http-nio-8080-exec-3] do filter...
2020-10-21 10:55:51,156 INFO com.derkovich.springdocuments.config.jwt.JwtFilter [http-nio-8080-exec-3] do filter...
2020-10-21 10:55:56,691 INFO com.derkovich.springdocuments.config.jwt.JwtFilter [http-nio-8080-exec-4] do filter...
2020-10-21 10:55:56,699 INFO com.derkovich.springdocuments.config.jwt.JwtFilter [http-nio-8080-exec-4] do filter...
2020-10-21 10:56:15,091 INFO com.derkovich.springdocuments.config.jwt.JwtFilter [http-nio-8080-exec-5] do filter...
2020-10-21 10:56:15,097 INFO com.derkovich.springdocuments.config.jwt.JwtFilter [http-nio-8080-exec-5] do filter...
2020-10-21 10:56:20,529 INFO com.derkovich.springdocuments.config.jwt.JwtFilter [http-nio-8080-exec-6] do filter...
2020-10-21 10:56:20,534 INFO com.derkovich.springdocuments.config.jwt.JwtFilter [http-nio-8080-exec-6] do filter...
2020-10-21 10:56:32,585 INFO com.derkovich.springdocuments.config.jwt.JwtFilter [http-nio-8080-exec-7] do filter...
2020-10-21 10:56:32,593 INFO com.derkovich.springdocuments.config.jwt.JwtFilter [http-nio-8080-exec-7] do filter...
2020-10-21 10:56:36,849 INFO com.derkovich.springdocuments.config.jwt.JwtFilter [http-nio-8080-exec-8] do filter...
2020-10-21 10:56:36,857 INFO com.derkovich.springdocuments.config.jwt.JwtFilter [http-nio-8080-exec-8] do filter...
2020-10-21 10:59:15,091 INFO com.derkovich.springdocuments.config.jwt.JwtFilter [http-nio-8080-exec-10] do filter...
2020-10-21 10:59:15,094 INFO com.derkovich.springdocuments.config.jwt.JwtFilter [http-nio-8080-exec-10] do filter...
2020-10-21 10:59:22,115 INFO com.derkovich.springdocuments.config.jwt.JwtFilter [http-nio-8080-exec-1] do filter...
2020-10-21 10:59:22,121 INFO com.derkovich.springdocuments.config.jwt.JwtFilter [http-nio-8080-exec-1] do filter...
2020-10-21 10:59:28,559 INFO com.derkovich.springdocuments.config.jwt.JwtFilter [http-nio-8080-exec-2] do filter...
2020-10-21 10:59:28,566 INFO com.derkovich.springdocuments.config.jwt.JwtFilter [http-nio-8080-exec-2] do filter...
2020-10-21 10:59:28,688 INFO com.derkovich.springdocuments.config.jwt.JwtFilter [http-nio-8080-exec-3] do filter...
2020-10-21 10:59:28,696 INFO com.derkovich.springdocuments.config.jwt.JwtFilter [http-nio-8080-exec-3] do filter...
2020-10-21 10:59:35,291 INFO com.derkovich.springdocuments.config.jwt.JwtFilter [http-nio-8080-exec-4] do filter...
2020-10-21 10:59:35,299 INFO com.derkovich.springdocuments.config.jwt.JwtFilter [http-nio-8080-exec-4] do filter...
2020-10-21 10:59:40,467 INFO com.derkovich.springdocuments.config.jwt.JwtFilter [http-nio-8080-exec-5] do filter...
2020-10-21 10:59:40,472 INFO com.derkovich.springdocuments.config.jwt.JwtFilter [http-nio-8080-exec-5] do filter...
2020-10-21 10:59:47,422 INFO com.derkovich.springdocuments.config.jwt.JwtFilter [http-nio-8080-exec-6] do filter...
2020-10-21 10:59:47,428 INFO com.derkovich.springdocuments.config.jwt.JwtFilter [http-nio-8080-exec-6] do filter...
2020-10-21 10:59:47,528 INFO com.derkovich.springdocuments.config.jwt.JwtFilter [http-nio-8080-exec-7] do filter...
2020-10-21 10:59:47,532 INFO com.derkovich.springdocuments.config.jwt.JwtFilter [http-nio-8080-exec-7] do filter...
2020-10-21 11:00:52,331 INFO com.derkovich.springdocuments.config.jwt.JwtFilter [http-nio-8080-exec-9] do filter...
2020-10-21 11:00:52,334 INFO com.derkovich.springdocuments.config.jwt.JwtFilter [http-nio-8080-exec-9] do filter...
2020-10-21 11:00:58,867 INFO com.derkovich.springdocuments.config.jwt.JwtFilter [http-nio-8080-exec-10] do filter...
2020-10-21 11:00:58,874 INFO com.derkovich.springdocuments.config.jwt.JwtFilter [http-nio-8080-exec-10] do filter...
2020-10-21 11:01:15,177 INFO com.derkovich.springdocuments.config.jwt.JwtFilter [http-nio-8080-exec-1] do filter...
2020-10-21 11:01:15,186 INFO com.derkovich.springdocuments.config.jwt.JwtFilter [http-nio-8080-exec-1] do filter...
2020-10-21 11:01:20,106 INFO com.derkovich.springdocuments.config.jwt.JwtFilter [http-nio-8080-exec-2] do filter...
2020-10-21 11:01:20,112 INFO com.derkovich.springdocuments.config.jwt.JwtFilter [http-nio-8080-exec-2] do filter...
2020-10-21 11:01:20,203 INFO com.derkovich.springdocuments.config.jwt.JwtFilter [http-nio-8080-exec-3] do filter...
2020-10-21 11:01:20,206 INFO com.derkovich.springdocuments.config.jwt.JwtFilter [http-nio-8080-exec-3] do filter...
2020-10-21 11:01:24,737 INFO com.derkovich.springdocuments.config.jwt.JwtFilter [http-nio-8080-exec-4] do filter...
2020-10-21 11:01:24,744 INFO com.derkovich.springdocuments.config.jwt.JwtFilter [http-nio-8080-exec-4] do filter...
2020-10-21 11:01:31,698 INFO com.derkovich.springdocuments.config.jwt.JwtFilter [http-nio-8080-exec-5] do filter...
2020-10-21 11:01:31,705 INFO com.derkovich.springdocuments.config.jwt.JwtFilter [http-nio-8080-exec-5] do filter...
2020-10-21 11:01:31,832 INFO com.derkovich.springdocuments.config.jwt.JwtFilter [http-nio-8080-exec-6] do filter...
2020-10-21 11:01:31,838 INFO com.derkovich.springdocuments.config.jwt.JwtFilter [http-nio-8080-exec-6] do filter...
2020-10-21 11:02:34,830 INFO com.derkovich.springdocuments.config.jwt.JwtFilter [http-nio-8080-exec-8] do filter...
2020-10-21 11:02:34,840 INFO com.derkovich.springdocuments.config.jwt.JwtFilter [http-nio-8080-exec-8] do filter...
2020-10-21 11:03:02,544 INFO com.derkovich.springdocuments.config.jwt.JwtFilter [http-nio-8080-exec-9] do filter...
2020-10-21 11:03:02,549 INFO com.derkovich.springdocuments.config.jwt.JwtFilter [http-nio-8080-exec-9] do filter...
2020-10-21 11:03:11,566 INFO com.derkovich.springdocuments.config.jwt.JwtFilter [http-nio-8080-exec-10] do filter...
2020-10-21 11:03:11,572 INFO com.derkovich.springdocuments.config.jwt.JwtFilter [http-nio-8080-exec-10] do filter...
2020-10-21 11:03:14,001 INFO com.derkovich.springdocuments.config.jwt.JwtFilter [http-nio-8080-exec-1] do filter...
2020-10-21 11:03:14,008 INFO com.derkovich.springdocuments.config.jwt.JwtFilter [http-nio-8080-exec-1] do filter...
2020-10-21 11:03:19,681 INFO com.derkovich.springdocuments.config.jwt.JwtFilter [http-nio-8080-exec-2] do filter...
2020-10-21 11:03:19,687 INFO com.derkovich.springdocuments.config.jwt.JwtFilter [http-nio-8080-exec-2] do filter...
2020-10-21 11:03:19,812 INFO com.derkovich.springdocuments.config.jwt.JwtFilter [http-nio-8080-exec-3] do filter...
2020-10-21 11:03:19,819 INFO com.derkovich.springdocuments.config.jwt.JwtFilter [http-nio-8080-exec-3] do filter...
2020-10-21 11:04:24,280 INFO com.derkovich.springdocuments.config.jwt.JwtFilter [http-nio-8080-exec-5] do filter...
2020-10-21 11:04:24,289 INFO com.derkovich.springdocuments.config.jwt.JwtFilter [http-nio-8080-exec-5] do filter...
2020-10-21 11:04:29,355 INFO com.derkovich.springdocuments.config.jwt.JwtFilter [http-nio-8080-exec-6] do filter...
2020-10-21 11:04:29,362 INFO com.derkovich.springdocuments.config.jwt.JwtFilter [http-nio-8080-exec-6] do filter...
2020-10-21 11:04:29,484 INFO com.derkovich.springdocuments.config.jwt.JwtFilter [http-nio-8080-exec-7] do filter...
2020-10-21 11:04:29,491 INFO com.derkovich.springdocuments.config.jwt.JwtFilter [http-nio-8080-exec-7] do filter...
2020-10-21 11:05:12,711 INFO com.derkovich.springdocuments.config.jwt.JwtFilter [http-nio-8080-exec-8] do filter...
2020-10-21 11:05:12,712 INFO com.derkovich.springdocuments.config.jwt.JwtFilter [http-nio-8080-exec-8] do filter...
2020-10-21 11:05:13,248 INFO com.derkovich.springdocuments.config.jwt.JwtFilter [http-nio-8080-exec-9] do filter...
2020-10-21 11:05:13,250 INFO com.derkovich.springdocuments.config.jwt.JwtFilter [http-nio-8080-exec-9] do filter...
2020-10-21 11:05:15,624 INFO com.derkovich.springdocuments.config.jwt.JwtFilter [http-nio-8080-exec-10] do filter...
2020-10-21 11:05:15,628 INFO com.derkovich.springdocuments.config.jwt.JwtFilter [http-nio-8080-exec-10] do filter...
2020-10-21 11:05:21,341 INFO com.derkovich.springdocuments.config.jwt.JwtFilter [http-nio-8080-exec-1] do filter...
2020-10-21 11:05:21,348 INFO com.derkovich.springdocuments.config.jwt.JwtFilter [http-nio-8080-exec-1] do filter...
2020-10-21 11:05:21,468 INFO com.derkovich.springdocuments.config.jwt.JwtFilter [http-nio-8080-exec-2] do filter...
2020-10-21 11:05:21,474 INFO com.derkovich.springdocuments.config.jwt.JwtFilter [http-nio-8080-exec-2] do filter...
2020-10-21 11:05:25,132 INFO com.derkovich.springdocuments.config.jwt.JwtFilter [http-nio-8080-exec-3] do filter...
2020-10-21 11:05:25,139 INFO com.derkovich.springdocuments.config.jwt.JwtFilter [http-nio-8080-exec-3] do filter...
2020-10-21 11:05:30,900 INFO com.derkovich.springdocuments.config.jwt.JwtFilter [http-nio-8080-exec-4] do filter...
2020-10-21 11:05:30,904 INFO com.derkovich.springdocuments.config.jwt.JwtFilter [http-nio-8080-exec-4] do filter...
2020-10-21 11:05:30,974 INFO com.derkovich.springdocuments.config.jwt.JwtFilter [http-nio-8080-exec-5] do filter...
2020-10-21 11:05:30,977 INFO com.derkovich.springdocuments.config.jwt.JwtFilter [http-nio-8080-exec-5] do filter...
2020-10-21 11:05:32,072 INFO com.derkovich.springdocuments.config.jwt.JwtFilter [http-nio-8080-exec-6] do filter...
2020-10-21 11:05:32,078 INFO com.derkovich.springdocuments.config.jwt.JwtFilter [http-nio-8080-exec-6] do filter...
2020-10-21 11:05:32,622 INFO com.derkovich.springdocuments.config.jwt.JwtFilter [http-nio-8080-exec-7] do filter...
2020-10-21 11:05:32,628 INFO com.derkovich.springdocuments.config.jwt.JwtFilter [http-nio-8080-exec-7] do filter...
2020-10-21 11:05:33,816 INFO com.derkovich.springdocuments.config.jwt.JwtFilter [http-nio-8080-exec-8] do filter...
2020-10-21 11:05:33,823 INFO com.derkovich.springdocuments.config.jwt.JwtFilter [http-nio-8080-exec-8] do filter...
2020-10-21 11:05:38,005 INFO com.derkovich.springdocuments.config.jwt.JwtFilter [http-nio-8080-exec-9] do filter...
2020-10-21 11:05:38,011 INFO com.derkovich.springdocuments.config.jwt.JwtFilter [http-nio-8080-exec-9] do filter...
2020-10-21 11:05:38,132 INFO com.derkovich.springdocuments.config.jwt.JwtFilter [http-nio-8080-exec-10] do filter...
2020-10-21 11:05:38,139 INFO com.derkovich.springdocuments.config.jwt.JwtFilter [http-nio-8080-exec-10] do filter...
2020-10-21 11:06:03,365 INFO com.derkovich.springdocuments.config.jwt.JwtFilter [http-nio-8080-exec-1] do filter...
2020-10-21 11:06:03,368 INFO com.derkovich.springdocuments.config.jwt.JwtFilter [http-nio-8080-exec-1] do filter...
2020-10-21 11:06:24,242 INFO com.derkovich.springdocuments.config.jwt.JwtFilter [http-nio-8080-exec-3] do filter...
2020-10-21 11:06:24,244 INFO com.derkovich.springdocuments.config.jwt.JwtFilter [http-nio-8080-exec-3] do filter...
2020-10-21 11:06:45,396 INFO com.derkovich.springdocuments.config.jwt.JwtFilter [http-nio-8080-exec-5] do filter...
2020-10-21 11:06:45,399 INFO com.derkovich.springdocuments.config.jwt.JwtFilter [http-nio-8080-exec-5] do filter...
2020-10-21 11:06:55,607 INFO com.derkovich.springdocuments.config.jwt.JwtFilter [http-nio-8080-exec-7] do filter...
2020-10-21 11:06:55,611 INFO com.derkovich.springdocuments.config.jwt.JwtFilter [http-nio-8080-exec-7] do filter...
2020-10-21 11:07:14,049 INFO com.derkovich.springdocuments.config.jwt.JwtFilter [http-nio-8080-exec-9] do filter...
2020-10-21 11:07:14,054 INFO com.derkovich.springdocuments.config.jwt.JwtFilter [http-nio-8080-exec-9] do filter...
2020-10-21 11:07:15,198 INFO com.derkovich.springdocuments.config.jwt.JwtFilter [http-nio-8080-exec-10] do filter...
2020-10-21 11:07:15,200 INFO com.derkovich.springdocuments.config.jwt.JwtFilter [http-nio-8080-exec-10] do filter...
2020-10-21 11:07:19,958 INFO com.derkovich.springdocuments.config.jwt.JwtFilter [http-nio-8080-exec-1] do filter...
2020-10-21 11:07:19,965 INFO com.derkovich.springdocuments.config.jwt.JwtFilter [http-nio-8080-exec-1] do filter...
2020-10-21 11:07:44,412 INFO com.derkovich.springdocuments.config.jwt.JwtFilter [http-nio-8080-exec-3] do filter...
2020-10-21 11:07:44,418 INFO com.derkovich.springdocuments.config.jwt.JwtFilter [http-nio-8080-exec-3] do filter...
2020-10-21 11:07:46,135 INFO com.derkovich.springdocuments.config.jwt.JwtFilter [http-nio-8080-exec-4] do filter...
2020-10-21 11:07:46,137 INFO com.derkovich.springdocuments.config.jwt.JwtFilter [http-nio-8080-exec-4] do filter...
2020-10-21 11:07:50,800 INFO com.derkovich.springdocuments.config.jwt.JwtFilter [http-nio-8080-exec-6] do filter...
2020-10-21 11:07:50,808 INFO com.derkovich.springdocuments.config.jwt.JwtFilter [http-nio-8080-exec-6] do filter...
2020-10-21 11:07:53,040 INFO com.derkovich.springdocuments.config.jwt.JwtFilter [http-nio-8080-exec-7] do filter...
2020-10-21 11:07:53,047 INFO com.derkovich.springdocuments.config.jwt.JwtFilter [http-nio-8080-exec-7] do filter...
2020-10-21 11:08:15,589 INFO com.derkovich.springdocuments.config.jwt.JwtFilter [http-nio-8080-exec-9] do filter...
2020-10-21 11:08:15,596 INFO com.derkovich.springdocuments.config.jwt.JwtFilter [http-nio-8080-exec-9] do filter...
2020-10-21 11:08:17,640 INFO com.derkovich.springdocuments.config.jwt.JwtFilter [http-nio-8080-exec-10] do filter...
2020-10-21 11:08:17,647 INFO com.derkovich.springdocuments.config.jwt.JwtFilter [http-nio-8080-exec-10] do filter...
2020-10-21 11:08:22,772 INFO com.derkovich.springdocuments.config.jwt.JwtFilter [http-nio-8080-exec-1] do filter...
2020-10-21 11:08:22,775 INFO com.derkovich.springdocuments.config.jwt.JwtFilter [http-nio-8080-exec-1] do filter...
2020-10-21 11:08:24,263 INFO com.derkovich.springdocuments.config.jwt.JwtFilter [http-nio-8080-exec-2] do filter...
2020-10-21 11:08:24,269 INFO com.derkovich.springdocuments.config.jwt.JwtFilter [http-nio-8080-exec-2] do filter...
2020-10-21 11:08:31,297 INFO com.derkovich.springdocuments.config.jwt.JwtFilter [http-nio-8080-exec-3] do filter...
2020-10-21 11:08:31,303 INFO com.derkovich.springdocuments.config.jwt.JwtFilter [http-nio-8080-exec-3] do filter...
2020-10-21 11:08:32,853 INFO com.derkovich.springdocuments.config.jwt.JwtFilter [http-nio-8080-exec-5] do filter...
2020-10-21 11:08:32,857 INFO com.derkovich.springdocuments.config.jwt.JwtFilter [http-nio-8080-exec-5] do filter...
2020-10-21 11:08:32,900 INFO com.derkovich.springdocuments.config.jwt.JwtFilter [http-nio-8080-exec-7] do filter...
2020-10-21 11:08:32,905 INFO com.derkovich.springdocuments.config.jwt.JwtFilter [http-nio-8080-exec-7] do filter...
2020-10-21 11:08:45,892 INFO com.derkovich.springdocuments.config.jwt.JwtFilter [http-nio-8080-exec-8] do filter...
2020-10-21 11:08:45,899 INFO com.derkovich.springdocuments.config.jwt.JwtFilter [http-nio-8080-exec-8] do filter...
