2020-10-20 18:37:12,438 INFO org.hibernate.validator.internal.util.Version [background-preinit] HV000001: Hibernate Validator 5.2.4.Final
2020-10-20 18:37:12,453 INFO org.springframework.boot.StartupInfoLogger [restartedMain] Starting SpringdocumentsApplication on DESKTOP-CIGCQPK with PID 6588 (D:\Лабы\Java\proj\target\classes started by Nikita in D:\Лабы\Java\proj)
2020-10-20 18:37:12,455 DEBUG org.springframework.boot.StartupInfoLogger [restartedMain] Running with Spring Boot v2.3.4.RELEASE, Spring v5.2.9.RELEASE
2020-10-20 18:37:12,455 INFO org.springframework.boot.SpringApplication [restartedMain] No active profile set, falling back to default profiles: default
2020-10-20 18:37:12,499 INFO org.springframework.boot.logging.DeferredLog [restartedMain] Devtools property defaults active! Set 'spring.devtools.add-properties' to 'false' to disable
2020-10-20 18:37:12,503 INFO org.springframework.boot.logging.DeferredLog [restartedMain] For additional web related logging consider setting the 'logging.level.web' property to 'DEBUG'
2020-10-20 18:37:13,247 INFO org.springframework.data.repository.config.RepositoryConfigurationDelegate [restartedMain] Bootstrapping Spring Data JPA repositories in DEFERRED mode.
2020-10-20 18:37:13,322 INFO org.springframework.data.repository.config.RepositoryConfigurationDelegate [restartedMain] Finished Spring Data repository scanning in 68ms. Found 5 JPA repository interfaces.
2020-10-20 18:37:13,799 INFO org.springframework.boot.web.embedded.tomcat.TomcatWebServer [restartedMain] Tomcat initialized with port(s): 8080 (http)
2020-10-20 18:37:13,806 INFO org.apache.juli.logging.DirectJDKLog [restartedMain] Initializing ProtocolHandler ["http-nio-8080"]
2020-10-20 18:37:13,807 INFO org.apache.juli.logging.DirectJDKLog [restartedMain] Starting service [Tomcat]
2020-10-20 18:37:13,807 INFO org.apache.juli.logging.DirectJDKLog [restartedMain] Starting Servlet engine: [Apache Tomcat/9.0.38]
2020-10-20 18:37:13,998 INFO org.apache.juli.logging.DirectJDKLog [restartedMain] Initializing Spring embedded WebApplicationContext
2020-10-20 18:37:13,998 INFO org.springframework.boot.web.servlet.context.ServletWebServerApplicationContext [restartedMain] Root WebApplicationContext: initialization completed in 1495 ms
2020-10-20 18:37:14,093 INFO org.springframework.scheduling.concurrent.ExecutorConfigurationSupport [restartedMain] Initializing ExecutorService 'applicationTaskExecutor'
2020-10-20 18:37:14,126 INFO org.hibernate.jpa.internal.util.LogHelper [task-1] HHH000204: Processing PersistenceUnitInfo [name: default]
2020-10-20 18:37:14,160 INFO org.hibernate.Version [task-1] HHH000412: Hibernate ORM core version 5.4.21.Final
2020-10-20 18:37:14,244 WARN org.springframework.boot.autoconfigure.orm.jpa.JpaBaseConfiguration$JpaWebConfiguration [restartedMain] spring.jpa.open-in-view is enabled by default. Therefore, database queries may be performed during view rendering. Explicitly configure spring.jpa.open-in-view to disable this warning
2020-10-20 18:37:14,247 INFO org.hibernate.annotations.common.reflection.java.JavaReflectionManager [task-1] HCANN000001: Hibernate Commons Annotations {5.1.0.Final}
2020-10-20 18:37:14,288 DEBUG org.springframework.web.filter.GenericFilterBean [restartedMain] Filter 'jwtFilter' configured for use
2020-10-20 18:37:14,324 INFO com.zaxxer.hikari.HikariDataSource [task-1] HikariPool-1 - Starting...
2020-10-20 18:37:14,403 INFO org.springframework.security.web.DefaultSecurityFilterChain [restartedMain] Creating filter chain: Ant [pattern='resources/static//js/**'], []
2020-10-20 18:37:14,507 INFO com.zaxxer.hikari.HikariDataSource [task-1] HikariPool-1 - Start completed.
2020-10-20 18:37:14,526 INFO org.hibernate.dialect.Dialect [task-1] HHH000400: Using dialect: org.hibernate.dialect.PostgreSQL10Dialect
2020-10-20 18:37:15,023 INFO org.springframework.security.web.DefaultSecurityFilterChain [restartedMain] Creating filter chain: any request, [org.springframework.security.web.context.request.async.WebAsyncManagerIntegrationFilter@5e4c23c7, org.springframework.security.web.context.SecurityContextPersistenceFilter@194cd0c0, org.springframework.security.web.header.HeaderWriterFilter@657d92db, org.springframework.web.filter.CorsFilter@73ad8bbe, org.springframework.security.web.authentication.logout.LogoutFilter@1dbfdf62, com.derkovich.springdocuments.config.jwt.JwtFilter@3d0ebfbd, org.springframework.security.web.savedrequest.RequestCacheAwareFilter@11d224bc, org.springframework.security.web.servletapi.SecurityContextHolderAwareRequestFilter@1ff066ca, org.springframework.security.web.authentication.AnonymousAuthenticationFilter@265581fb, org.springframework.security.web.session.SessionManagementFilter@5179d681, org.springframework.security.web.access.ExceptionTranslationFilter@79612874, org.springframework.security.web.access.intercept.FilterSecurityInterceptor@7a15ea5b]
2020-10-20 18:37:15,033 WARN org.thymeleaf.templatemode.TemplateMode [restartedMain] [THYMELEAF][restartedMain] Template Mode 'HTML5' is deprecated. Using Template Mode 'HTML' instead.
2020-10-20 18:37:15,141 WARN org.springframework.boot.autoconfigure.thymeleaf.ThymeleafAutoConfiguration$DefaultTemplateResolverConfiguration [restartedMain] Cannot find template location: classpath:/templates/WEB-INF/ (please add some templates or check your Thymeleaf configuration)
2020-10-20 18:37:15,291 INFO org.springframework.boot.devtools.autoconfigure.OptionalLiveReloadServer [restartedMain] LiveReload server is running on port 35729
2020-10-20 18:37:15,313 INFO org.apache.juli.logging.DirectJDKLog [restartedMain] Starting ProtocolHandler ["http-nio-8080"]
2020-10-20 18:37:15,334 INFO org.springframework.boot.web.embedded.tomcat.TomcatWebServer [restartedMain] Tomcat started on port(s): 8080 (http) with context path ''
2020-10-20 18:37:15,336 INFO org.springframework.data.repository.config.DeferredRepositoryInitializationListener [restartedMain] Triggering deferred initialization of Spring Data repositories…
2020-10-20 18:37:15,394 INFO org.hibernate.engine.transaction.jta.platform.internal.JtaPlatformInitiator [task-1] HHH000490: Using JtaPlatform implementation: [org.hibernate.engine.transaction.jta.platform.internal.NoJtaPlatform]
2020-10-20 18:37:15,401 INFO org.springframework.orm.jpa.AbstractEntityManagerFactoryBean [task-1] Initialized JPA EntityManagerFactory for persistence unit 'default'
2020-10-20 18:37:15,751 INFO org.springframework.data.repository.config.DeferredRepositoryInitializationListener [restartedMain] Spring Data repositories initialized!
2020-10-20 18:37:15,761 INFO org.springframework.boot.StartupInfoLogger [restartedMain] Started SpringdocumentsApplication in 3.697 seconds (JVM running for 5.007)
