2020-10-25 19:31:54,551 INFO org.springframework.boot.StartupInfoLogger [restartedMain] Starting SpringdocumentsApplication on DESKTOP-CIGCQPK with PID 2908 (D:\Лабы\Java\proj\target\classes started by Nikita in D:\Лабы\Java\proj)
2020-10-25 19:31:54,553 DEBUG org.springframework.boot.StartupInfoLogger [restartedMain] Running with Spring Boot v2.3.4.RELEASE, Spring v5.2.9.RELEASE
2020-10-25 19:31:54,554 INFO org.springframework.boot.SpringApplication [restartedMain] No active profile set, falling back to default profiles: default
2020-10-25 19:31:56,350 DEBUG org.springframework.web.filter.GenericFilterBean [restartedMain] Filter 'jwtFilter' configured for use
2020-10-25 19:31:57,480 INFO org.springframework.boot.StartupInfoLogger [restartedMain] Started SpringdocumentsApplication in 3.358 seconds (JVM running for 4.658)
2020-10-25 19:33:06,918 INFO org.springframework.boot.StartupInfoLogger [restartedMain] Starting SpringdocumentsApplication on DESKTOP-CIGCQPK with PID 912 (D:\Лабы\Java\proj\target\classes started by Nikita in D:\Лабы\Java\proj)
2020-10-25 19:33:06,920 DEBUG org.springframework.boot.StartupInfoLogger [restartedMain] Running with Spring Boot v2.3.4.RELEASE, Spring v5.2.9.RELEASE
2020-10-25 19:33:06,920 INFO org.springframework.boot.SpringApplication [restartedMain] No active profile set, falling back to default profiles: default
2020-10-25 19:33:09,034 DEBUG org.springframework.web.filter.GenericFilterBean [restartedMain] Filter 'jwtFilter' configured for use
2020-10-25 19:33:10,232 INFO org.springframework.boot.StartupInfoLogger [restartedMain] Started SpringdocumentsApplication in 3.729 seconds (JVM running for 5.11)
2020-10-25 19:33:24,928 INFO com.derkovich.springdocuments.config.jwt.JwtFilter [http-nio-8080-exec-2] do filter...
2020-10-25 19:33:24,939 INFO com.derkovich.springdocuments.config.jwt.JwtFilter [http-nio-8080-exec-2] do filter...
2020-10-25 19:33:25,642 INFO com.derkovich.springdocuments.config.jwt.JwtFilter [http-nio-8080-exec-4] do filter...
2020-10-25 19:33:25,725 INFO com.derkovich.springdocuments.config.jwt.JwtFilter [http-nio-8080-exec-4] do filter...
2020-10-25 19:36:41,621 INFO org.springframework.boot.StartupInfoLogger [restartedMain] Starting SpringdocumentsApplication on DESKTOP-CIGCQPK with PID 18216 (D:\Лабы\Java\proj\target\classes started by Nikita in D:\Лабы\Java\proj)
2020-10-25 19:36:41,622 DEBUG org.springframework.boot.StartupInfoLogger [restartedMain] Running with Spring Boot v2.3.4.RELEASE, Spring v5.2.9.RELEASE
2020-10-25 19:36:41,623 INFO org.springframework.boot.SpringApplication [restartedMain] No active profile set, falling back to default profiles: default
2020-10-25 19:36:43,449 DEBUG org.springframework.web.filter.GenericFilterBean [restartedMain] Filter 'jwtFilter' configured for use
2020-10-25 19:36:44,649 INFO org.springframework.boot.StartupInfoLogger [restartedMain] Started SpringdocumentsApplication in 3.427 seconds (JVM running for 4.702)
2020-10-25 19:38:02,910 INFO com.derkovich.springdocuments.config.jwt.JwtFilter [http-nio-8080-exec-1] do filter...
2020-10-25 19:38:02,916 INFO com.derkovich.springdocuments.config.jwt.JwtFilter [http-nio-8080-exec-1] do filter...
2020-10-25 19:38:03,250 INFO com.derkovich.springdocuments.config.jwt.JwtFilter [http-nio-8080-exec-2] do filter...
2020-10-25 19:38:03,298 INFO com.derkovich.springdocuments.config.jwt.JwtFilter [http-nio-8080-exec-2] do filter...
2020-10-25 19:43:04,433 INFO org.springframework.boot.StartupInfoLogger [restartedMain] Starting SpringdocumentsApplication on DESKTOP-CIGCQPK with PID 19980 (D:\Лабы\Java\proj\target\classes started by Nikita in D:\Лабы\Java\proj)
2020-10-25 19:43:04,435 DEBUG org.springframework.boot.StartupInfoLogger [restartedMain] Running with Spring Boot v2.3.4.RELEASE, Spring v5.2.9.RELEASE
2020-10-25 19:43:04,436 INFO org.springframework.boot.SpringApplication [restartedMain] No active profile set, falling back to default profiles: default
2020-10-25 19:43:06,862 DEBUG org.springframework.web.filter.GenericFilterBean [restartedMain] Filter 'jwtFilter' configured for use
2020-10-25 19:43:08,110 INFO org.springframework.boot.StartupInfoLogger [restartedMain] Started SpringdocumentsApplication in 4.082 seconds (JVM running for 5.361)
2020-10-25 19:43:25,012 INFO com.derkovich.springdocuments.config.jwt.JwtFilter [http-nio-8080-exec-1] do filter...
2020-10-25 19:43:25,023 INFO com.derkovich.springdocuments.config.jwt.JwtFilter [http-nio-8080-exec-1] do filter...
2020-10-25 19:43:25,732 INFO com.derkovich.springdocuments.config.jwt.JwtFilter [http-nio-8080-exec-2] do filter...
2020-10-25 19:43:25,786 INFO com.derkovich.springdocuments.config.jwt.JwtFilter [http-nio-8080-exec-2] do filter...
2020-10-25 19:46:48,510 INFO org.springframework.boot.StartupInfoLogger [restartedMain] Starting SpringdocumentsApplication on DESKTOP-CIGCQPK with PID 2992 (D:\Лабы\Java\proj\target\classes started by Nikita in D:\Лабы\Java\proj)
2020-10-25 19:46:48,511 DEBUG org.springframework.boot.StartupInfoLogger [restartedMain] Running with Spring Boot v2.3.4.RELEASE, Spring v5.2.9.RELEASE
2020-10-25 19:46:48,512 INFO org.springframework.boot.SpringApplication [restartedMain] No active profile set, falling back to default profiles: default
2020-10-25 19:46:51,221 DEBUG org.springframework.web.filter.GenericFilterBean [restartedMain] Filter 'jwtFilter' configured for use
2020-10-25 19:46:52,720 INFO org.springframework.boot.StartupInfoLogger [restartedMain] Started SpringdocumentsApplication in 4.613 seconds (JVM running for 6.261)
2020-10-25 19:47:22,486 INFO com.derkovich.springdocuments.config.jwt.JwtFilter [http-nio-8080-exec-1] do filter...
2020-10-25 19:47:22,497 INFO com.derkovich.springdocuments.config.jwt.JwtFilter [http-nio-8080-exec-1] do filter...
2020-10-25 19:47:22,896 TRACE com.derkovich.springdocuments.aoplog.AOPLogger [http-nio-8080-exec-1] User has logged in
2020-10-25 19:47:22,934 INFO com.derkovich.springdocuments.config.jwt.JwtFilter [http-nio-8080-exec-2] do filter...
2020-10-25 19:47:22,982 INFO com.derkovich.springdocuments.config.jwt.JwtFilter [http-nio-8080-exec-2] do filter...
2020-10-25 19:47:22,998 TRACE com.derkovich.springdocuments.aoplog.AOPLogger [http-nio-8080-exec-2] User has logged in
2020-10-25 19:57:19,964 INFO org.springframework.boot.StartupInfoLogger [restartedMain] Starting SpringdocumentsApplication on DESKTOP-CIGCQPK with PID 16268 (D:\Лабы\Java\proj\target\classes started by Nikita in D:\Лабы\Java\proj)
2020-10-25 19:57:19,965 DEBUG org.springframework.boot.StartupInfoLogger [restartedMain] Running with Spring Boot v2.3.4.RELEASE, Spring v5.2.9.RELEASE
2020-10-25 19:57:19,966 INFO org.springframework.boot.SpringApplication [restartedMain] No active profile set, falling back to default profiles: default
2020-10-25 19:57:22,056 DEBUG org.springframework.web.filter.GenericFilterBean [restartedMain] Filter 'jwtFilter' configured for use
2020-10-25 19:57:23,631 INFO org.springframework.boot.StartupInfoLogger [restartedMain] Started SpringdocumentsApplication in 4.055 seconds (JVM running for 5.268)
2020-10-25 19:57:31,747 INFO com.derkovich.springdocuments.config.jwt.JwtFilter [http-nio-8080-exec-1] do filter...
2020-10-25 19:57:31,760 INFO com.derkovich.springdocuments.config.jwt.JwtFilter [http-nio-8080-exec-1] do filter...
2020-10-25 19:57:32,334 TRACE com.derkovich.springdocuments.aoplog.AOPLogger [http-nio-8080-exec-1] User has logged in
2020-10-25 19:57:32,409 INFO com.derkovich.springdocuments.config.jwt.JwtFilter [http-nio-8080-exec-2] do filter...
2020-10-25 19:57:32,477 INFO com.derkovich.springdocuments.config.jwt.JwtFilter [http-nio-8080-exec-2] do filter...
2020-10-25 19:57:32,506 TRACE com.derkovich.springdocuments.aoplog.AOPLogger [http-nio-8080-exec-2] User has logged in
2020-10-25 20:17:17,257 INFO org.springframework.boot.StartupInfoLogger [restartedMain] Starting SpringdocumentsApplication on DESKTOP-CIGCQPK with PID 20272 (D:\Лабы\Java\proj\target\classes started by Nikita in D:\Лабы\Java\proj)
2020-10-25 20:17:17,258 DEBUG org.springframework.boot.StartupInfoLogger [restartedMain] Running with Spring Boot v2.3.4.RELEASE, Spring v5.2.9.RELEASE
2020-10-25 20:17:17,259 INFO org.springframework.boot.SpringApplication [restartedMain] No active profile set, falling back to default profiles: default
2020-10-25 20:17:19,938 DEBUG org.springframework.web.filter.GenericFilterBean [restartedMain] Filter 'jwtFilter' configured for use
2020-10-25 20:17:21,237 INFO org.springframework.boot.StartupInfoLogger [restartedMain] Started SpringdocumentsApplication in 4.372 seconds (JVM running for 5.783)
2020-10-25 20:17:29,088 INFO com.derkovich.springdocuments.config.jwt.JwtFilter [http-nio-8080-exec-2] do filter...
2020-10-25 20:17:29,099 INFO com.derkovich.springdocuments.config.jwt.JwtFilter [http-nio-8080-exec-2] do filter...
2020-10-25 20:17:29,815 INFO com.derkovich.springdocuments.config.jwt.JwtFilter [http-nio-8080-exec-4] do filter...
2020-10-25 20:17:29,902 INFO com.derkovich.springdocuments.config.jwt.JwtFilter [http-nio-8080-exec-4] do filter...
2020-10-25 20:21:20,311 INFO com.derkovich.springdocuments.config.jwt.JwtFilter [http-nio-8080-exec-7] do filter...
2020-10-25 20:21:20,322 INFO com.derkovich.springdocuments.config.jwt.JwtFilter [http-nio-8080-exec-7] do filter...
2020-10-25 20:21:22,192 INFO com.derkovich.springdocuments.config.jwt.JwtFilter [http-nio-8080-exec-10] do filter...
2020-10-25 20:21:22,208 INFO com.derkovich.springdocuments.config.jwt.JwtFilter [http-nio-8080-exec-10] do filter...
2020-10-25 20:21:22,315 INFO com.derkovich.springdocuments.config.jwt.JwtFilter [http-nio-8080-exec-1] do filter...
2020-10-25 20:21:22,332 INFO com.derkovich.springdocuments.config.jwt.JwtFilter [http-nio-8080-exec-1] do filter...
2020-10-25 20:21:25,348 INFO com.derkovich.springdocuments.config.jwt.JwtFilter [http-nio-8080-exec-2] do filter...
2020-10-25 20:21:25,365 INFO com.derkovich.springdocuments.config.jwt.JwtFilter [http-nio-8080-exec-2] do filter...
2020-10-25 20:21:26,755 INFO com.derkovich.springdocuments.config.jwt.JwtFilter [http-nio-8080-exec-4] do filter...
2020-10-25 20:21:26,764 INFO com.derkovich.springdocuments.config.jwt.JwtFilter [http-nio-8080-exec-4] do filter...
2020-10-25 20:21:26,807 INFO com.derkovich.springdocuments.config.jwt.JwtFilter [http-nio-8080-exec-6] do filter...
2020-10-25 20:21:26,815 INFO com.derkovich.springdocuments.config.jwt.JwtFilter [http-nio-8080-exec-6] do filter...
2020-10-25 20:21:28,050 INFO com.derkovich.springdocuments.config.jwt.JwtFilter [http-nio-8080-exec-7] do filter...
2020-10-25 20:21:28,065 INFO com.derkovich.springdocuments.config.jwt.JwtFilter [http-nio-8080-exec-7] do filter...
2020-10-25 20:21:29,452 INFO com.derkovich.springdocuments.config.jwt.JwtFilter [http-nio-8080-exec-10] do filter...
2020-10-25 20:21:29,461 INFO com.derkovich.springdocuments.config.jwt.JwtFilter [http-nio-8080-exec-10] do filter...
2020-10-25 20:21:29,491 INFO com.derkovich.springdocuments.config.jwt.JwtFilter [http-nio-8080-exec-1] do filter...
2020-10-25 20:21:29,496 INFO com.derkovich.springdocuments.config.jwt.JwtFilter [http-nio-8080-exec-1] do filter...
2020-10-25 20:21:32,381 INFO com.derkovich.springdocuments.config.jwt.JwtFilter [http-nio-8080-exec-2] do filter...
2020-10-25 20:21:32,388 INFO com.derkovich.springdocuments.config.jwt.JwtFilter [http-nio-8080-exec-2] do filter...
2020-10-25 20:48:42,874 INFO com.derkovich.springdocuments.config.jwt.JwtFilter [http-nio-8080-exec-5] do filter...
2020-10-25 20:48:42,888 INFO com.derkovich.springdocuments.config.jwt.JwtFilter [http-nio-8080-exec-6] do filter...
2020-10-25 20:48:42,888 INFO com.derkovich.springdocuments.config.jwt.JwtFilter [http-nio-8080-exec-5] do filter...
2020-10-25 20:48:42,895 INFO com.derkovich.springdocuments.config.jwt.JwtFilter [http-nio-8080-exec-6] do filter...
2020-10-25 20:50:23,608 INFO com.derkovich.springdocuments.config.jwt.JwtFilter [http-nio-8080-exec-9] do filter...
2020-10-25 20:50:23,614 INFO com.derkovich.springdocuments.config.jwt.JwtFilter [http-nio-8080-exec-9] do filter...
2020-10-25 20:50:23,622 INFO com.derkovich.springdocuments.config.jwt.JwtFilter [http-nio-8080-exec-1] do filter...
2020-10-25 20:50:23,629 INFO com.derkovich.springdocuments.config.jwt.JwtFilter [http-nio-8080-exec-1] do filter...
2020-10-25 21:01:34,575 INFO com.derkovich.springdocuments.config.jwt.JwtFilter [http-nio-8080-exec-5] do filter...
2020-10-25 21:01:34,576 INFO com.derkovich.springdocuments.config.jwt.JwtFilter [http-nio-8080-exec-5] do filter...
2020-10-25 21:01:34,794 INFO com.derkovich.springdocuments.config.jwt.JwtFilter [http-nio-8080-exec-6] do filter...
2020-10-25 21:01:34,801 INFO com.derkovich.springdocuments.config.jwt.JwtFilter [http-nio-8080-exec-6] do filter...
2020-10-25 21:01:50,999 INFO com.derkovich.springdocuments.config.jwt.JwtFilter [http-nio-8080-exec-7] do filter...
2020-10-25 21:01:51,000 INFO com.derkovich.springdocuments.config.jwt.JwtFilter [http-nio-8080-exec-7] do filter...
2020-10-25 21:01:51,217 INFO com.derkovich.springdocuments.config.jwt.JwtFilter [http-nio-8080-exec-8] do filter...
2020-10-25 21:01:51,222 INFO com.derkovich.springdocuments.config.jwt.JwtFilter [http-nio-8080-exec-8] do filter...
2020-10-25 21:02:37,278 INFO com.derkovich.springdocuments.config.jwt.JwtFilter [http-nio-8080-exec-10] do filter...
2020-10-25 21:02:37,279 INFO com.derkovich.springdocuments.config.jwt.JwtFilter [http-nio-8080-exec-10] do filter...
2020-10-25 21:02:37,495 INFO com.derkovich.springdocuments.config.jwt.JwtFilter [http-nio-8080-exec-9] do filter...
2020-10-25 21:02:37,500 INFO com.derkovich.springdocuments.config.jwt.JwtFilter [http-nio-8080-exec-9] do filter...
2020-10-25 21:02:39,327 INFO com.derkovich.springdocuments.config.jwt.JwtFilter [http-nio-8080-exec-2] do filter...
2020-10-25 21:02:39,339 INFO com.derkovich.springdocuments.config.jwt.JwtFilter [http-nio-8080-exec-2] do filter...
2020-10-25 21:03:51,031 INFO com.derkovich.springdocuments.config.jwt.JwtFilter [http-nio-8080-exec-4] do filter...
2020-10-25 21:03:51,036 INFO com.derkovich.springdocuments.config.jwt.JwtFilter [http-nio-8080-exec-4] do filter...
2020-10-25 21:03:54,877 INFO com.derkovich.springdocuments.config.jwt.JwtFilter [http-nio-8080-exec-5] do filter...
2020-10-25 21:03:54,878 INFO com.derkovich.springdocuments.config.jwt.JwtFilter [http-nio-8080-exec-5] do filter...
2020-10-25 21:03:55,094 INFO com.derkovich.springdocuments.config.jwt.JwtFilter [http-nio-8080-exec-6] do filter...
2020-10-25 21:03:55,097 INFO com.derkovich.springdocuments.config.jwt.JwtFilter [http-nio-8080-exec-6] do filter...
2020-10-25 21:07:56,777 INFO com.derkovich.springdocuments.config.jwt.JwtFilter [http-nio-8080-exec-8] do filter...
2020-10-25 21:07:56,781 INFO com.derkovich.springdocuments.config.jwt.JwtFilter [http-nio-8080-exec-8] do filter...
2020-10-25 21:08:22,131 INFO com.derkovich.springdocuments.config.jwt.JwtFilter [http-nio-8080-exec-10] do filter...
2020-10-25 21:08:22,135 INFO com.derkovich.springdocuments.config.jwt.JwtFilter [http-nio-8080-exec-10] do filter...
2020-10-25 21:09:34,974 INFO com.derkovich.springdocuments.config.jwt.JwtFilter [http-nio-8080-exec-1] do filter...
2020-10-25 21:09:34,984 INFO com.derkovich.springdocuments.config.jwt.JwtFilter [http-nio-8080-exec-1] do filter...
2020-10-25 21:09:42,147 INFO com.derkovich.springdocuments.config.jwt.JwtFilter [http-nio-8080-exec-3] do filter...
2020-10-25 21:09:42,160 INFO com.derkovich.springdocuments.config.jwt.JwtFilter [http-nio-8080-exec-3] do filter...
2020-10-25 21:10:31,277 INFO com.derkovich.springdocuments.config.jwt.JwtFilter [http-nio-8080-exec-4] do filter...
2020-10-25 21:10:31,281 INFO com.derkovich.springdocuments.config.jwt.JwtFilter [http-nio-8080-exec-4] do filter...
2020-10-25 21:10:37,531 INFO com.derkovich.springdocuments.config.jwt.JwtFilter [http-nio-8080-exec-5] do filter...
2020-10-25 21:10:37,541 INFO com.derkovich.springdocuments.config.jwt.JwtFilter [http-nio-8080-exec-5] do filter...
2020-10-25 21:11:12,202 INFO com.derkovich.springdocuments.config.jwt.JwtFilter [http-nio-8080-exec-6] do filter...
2020-10-25 21:11:12,208 INFO com.derkovich.springdocuments.config.jwt.JwtFilter [http-nio-8080-exec-6] do filter...
2020-10-25 21:11:18,269 INFO com.derkovich.springdocuments.config.jwt.JwtFilter [http-nio-8080-exec-7] do filter...
2020-10-25 21:11:18,281 INFO com.derkovich.springdocuments.config.jwt.JwtFilter [http-nio-8080-exec-7] do filter...
2020-10-25 21:14:33,673 INFO com.derkovich.springdocuments.config.jwt.JwtFilter [http-nio-8080-exec-8] do filter...
2020-10-25 21:14:33,677 INFO com.derkovich.springdocuments.config.jwt.JwtFilter [http-nio-8080-exec-8] do filter...
2020-10-25 21:14:41,285 INFO com.derkovich.springdocuments.config.jwt.JwtFilter [http-nio-8080-exec-9] do filter...
2020-10-25 21:14:41,293 INFO com.derkovich.springdocuments.config.jwt.JwtFilter [http-nio-8080-exec-9] do filter...
2020-10-25 21:15:41,798 INFO com.derkovich.springdocuments.config.jwt.JwtFilter [http-nio-8080-exec-1] do filter...
2020-10-25 21:15:41,805 INFO com.derkovich.springdocuments.config.jwt.JwtFilter [http-nio-8080-exec-1] do filter...
2020-10-25 21:15:49,198 INFO com.derkovich.springdocuments.config.jwt.JwtFilter [http-nio-8080-exec-2] do filter...
2020-10-25 21:15:49,202 INFO com.derkovich.springdocuments.config.jwt.JwtFilter [http-nio-8080-exec-2] do filter...
2020-10-25 21:18:01,844 INFO com.derkovich.springdocuments.config.jwt.JwtFilter [http-nio-8080-exec-3] do filter...
2020-10-25 21:18:01,860 INFO com.derkovich.springdocuments.config.jwt.JwtFilter [http-nio-8080-exec-3] do filter...
2020-10-25 21:18:09,090 INFO com.derkovich.springdocuments.config.jwt.JwtFilter [http-nio-8080-exec-4] do filter...
2020-10-25 21:18:09,104 INFO com.derkovich.springdocuments.config.jwt.JwtFilter [http-nio-8080-exec-4] do filter...
2020-10-25 21:21:28,059 INFO org.springframework.boot.StartupInfoLogger [restartedMain] Starting SpringdocumentsApplication on DESKTOP-CIGCQPK with PID 22456 (D:\Лабы\Java\proj\target\classes started by Nikita in D:\Лабы\Java\proj)
2020-10-25 21:21:28,060 DEBUG org.springframework.boot.StartupInfoLogger [restartedMain] Running with Spring Boot v2.3.4.RELEASE, Spring v5.2.9.RELEASE
2020-10-25 21:21:28,061 INFO org.springframework.boot.SpringApplication [restartedMain] No active profile set, falling back to default profiles: default
2020-10-25 21:21:30,240 DEBUG org.springframework.web.filter.GenericFilterBean [restartedMain] Filter 'jwtFilter' configured for use
2020-10-25 21:21:31,550 INFO org.springframework.boot.StartupInfoLogger [restartedMain] Started SpringdocumentsApplication in 3.96 seconds (JVM running for 5.36)
2020-10-25 21:21:38,555 INFO com.derkovich.springdocuments.config.jwt.JwtFilter [http-nio-8080-exec-1] do filter...
2020-10-25 21:21:38,681 INFO com.derkovich.springdocuments.config.jwt.JwtFilter [http-nio-8080-exec-1] do filter...
2020-10-25 21:22:02,499 INFO com.derkovich.springdocuments.config.jwt.JwtFilter [http-nio-8080-exec-2] do filter...
2020-10-25 21:22:02,509 INFO com.derkovich.springdocuments.config.jwt.JwtFilter [http-nio-8080-exec-2] do filter...
2020-10-25 21:22:05,751 INFO com.derkovich.springdocuments.config.jwt.JwtFilter [http-nio-8080-exec-4] do filter...
2020-10-25 21:22:05,757 INFO com.derkovich.springdocuments.config.jwt.JwtFilter [http-nio-8080-exec-4] do filter...
2020-10-25 21:22:14,214 INFO com.derkovich.springdocuments.config.jwt.JwtFilter [http-nio-8080-exec-5] do filter...
2020-10-25 21:22:14,223 INFO com.derkovich.springdocuments.config.jwt.JwtFilter [http-nio-8080-exec-5] do filter...
2020-10-25 21:24:12,956 INFO com.derkovich.springdocuments.config.jwt.JwtFilter [http-nio-8080-exec-6] do filter...
2020-10-25 21:24:12,965 INFO com.derkovich.springdocuments.config.jwt.JwtFilter [http-nio-8080-exec-6] do filter...
2020-10-25 21:24:23,448 INFO com.derkovich.springdocuments.config.jwt.JwtFilter [http-nio-8080-exec-9] do filter...
2020-10-25 21:24:23,456 INFO com.derkovich.springdocuments.config.jwt.JwtFilter [http-nio-8080-exec-9] do filter...
2020-10-25 21:24:33,459 INFO com.derkovich.springdocuments.config.jwt.JwtFilter [http-nio-8080-exec-10] do filter...
2020-10-25 21:24:33,464 INFO com.derkovich.springdocuments.config.jwt.JwtFilter [http-nio-8080-exec-10] do filter...
2020-10-25 21:24:40,137 INFO com.derkovich.springdocuments.config.jwt.JwtFilter [http-nio-8080-exec-2] do filter...
2020-10-25 21:24:40,141 INFO com.derkovich.springdocuments.config.jwt.JwtFilter [http-nio-8080-exec-2] do filter...
2020-10-25 21:24:46,635 INFO com.derkovich.springdocuments.config.jwt.JwtFilter [http-nio-8080-exec-4] do filter...
2020-10-25 21:24:46,640 INFO com.derkovich.springdocuments.config.jwt.JwtFilter [http-nio-8080-exec-4] do filter...
2020-10-25 21:24:58,739 INFO com.derkovich.springdocuments.config.jwt.JwtFilter [http-nio-8080-exec-5] do filter...
2020-10-25 21:24:58,746 INFO com.derkovich.springdocuments.config.jwt.JwtFilter [http-nio-8080-exec-5] do filter...
2020-10-25 21:26:53,430 INFO com.derkovich.springdocuments.config.jwt.JwtFilter [http-nio-8080-exec-7] do filter...
2020-10-25 21:26:53,443 INFO com.derkovich.springdocuments.config.jwt.JwtFilter [http-nio-8080-exec-7] do filter...
2020-10-25 21:28:37,796 INFO org.springframework.boot.StartupInfoLogger [restartedMain] Starting SpringdocumentsApplication on DESKTOP-CIGCQPK with PID 9436 (D:\Лабы\Java\proj\target\classes started by Nikita in D:\Лабы\Java\proj)
2020-10-25 21:28:37,798 DEBUG org.springframework.boot.StartupInfoLogger [restartedMain] Running with Spring Boot v2.3.4.RELEASE, Spring v5.2.9.RELEASE
2020-10-25 21:28:37,799 INFO org.springframework.boot.SpringApplication [restartedMain] No active profile set, falling back to default profiles: default
2020-10-25 21:28:39,696 DEBUG org.springframework.web.filter.GenericFilterBean [restartedMain] Filter 'jwtFilter' configured for use
2020-10-25 21:28:40,989 INFO org.springframework.boot.StartupInfoLogger [restartedMain] Started SpringdocumentsApplication in 3.587 seconds (JVM running for 4.808)
2020-10-25 21:28:49,163 INFO com.derkovich.springdocuments.config.jwt.JwtFilter [http-nio-8080-exec-1] do filter...
2020-10-25 21:28:49,331 INFO com.derkovich.springdocuments.config.jwt.JwtFilter [http-nio-8080-exec-1] do filter...
2020-10-25 21:28:55,171 INFO com.derkovich.springdocuments.config.jwt.JwtFilter [http-nio-8080-exec-2] do filter...
2020-10-25 21:28:55,180 INFO com.derkovich.springdocuments.config.jwt.JwtFilter [http-nio-8080-exec-2] do filter...
2020-10-25 21:32:34,804 INFO org.springframework.boot.StartupInfoLogger [restartedMain] Starting SpringdocumentsApplication on DESKTOP-CIGCQPK with PID 17412 (D:\Лабы\Java\proj\target\classes started by Nikita in D:\Лабы\Java\proj)
2020-10-25 21:32:34,805 DEBUG org.springframework.boot.StartupInfoLogger [restartedMain] Running with Spring Boot v2.3.4.RELEASE, Spring v5.2.9.RELEASE
2020-10-25 21:32:34,806 INFO org.springframework.boot.SpringApplication [restartedMain] No active profile set, falling back to default profiles: default
2020-10-25 21:32:36,691 DEBUG org.springframework.web.filter.GenericFilterBean [restartedMain] Filter 'jwtFilter' configured for use
2020-10-25 21:32:37,964 INFO org.springframework.boot.StartupInfoLogger [restartedMain] Started SpringdocumentsApplication in 3.553 seconds (JVM running for 4.788)
2020-10-25 21:32:42,241 INFO com.derkovich.springdocuments.config.jwt.JwtFilter [http-nio-8080-exec-1] do filter...
2020-10-25 21:32:42,402 INFO com.derkovich.springdocuments.config.jwt.JwtFilter [http-nio-8080-exec-1] do filter...
2020-10-25 21:32:48,218 INFO com.derkovich.springdocuments.config.jwt.JwtFilter [http-nio-8080-exec-2] do filter...
2020-10-25 21:32:48,228 INFO com.derkovich.springdocuments.config.jwt.JwtFilter [http-nio-8080-exec-2] do filter...
2020-10-25 21:34:58,880 INFO org.springframework.boot.StartupInfoLogger [restartedMain] Starting SpringdocumentsApplication on DESKTOP-CIGCQPK with PID 15912 (D:\Лабы\Java\proj\target\classes started by Nikita in D:\Лабы\Java\proj)
2020-10-25 21:34:58,882 DEBUG org.springframework.boot.StartupInfoLogger [restartedMain] Running with Spring Boot v2.3.4.RELEASE, Spring v5.2.9.RELEASE
2020-10-25 21:34:58,883 INFO org.springframework.boot.SpringApplication [restartedMain] No active profile set, falling back to default profiles: default
2020-10-25 21:35:00,927 DEBUG org.springframework.web.filter.GenericFilterBean [restartedMain] Filter 'jwtFilter' configured for use
2020-10-25 21:35:02,508 INFO org.springframework.boot.StartupInfoLogger [restartedMain] Started SpringdocumentsApplication in 4.027 seconds (JVM running for 5.317)
2020-10-25 21:35:22,649 INFO com.derkovich.springdocuments.config.jwt.JwtFilter [http-nio-8080-exec-1] do filter...
2020-10-25 21:35:22,871 INFO com.derkovich.springdocuments.config.jwt.JwtFilter [http-nio-8080-exec-1] do filter...
2020-10-25 21:37:14,330 INFO com.derkovich.springdocuments.config.jwt.JwtFilter [http-nio-8080-exec-3] do filter...
2020-10-25 21:37:14,335 INFO com.derkovich.springdocuments.config.jwt.JwtFilter [http-nio-8080-exec-3] do filter...
2020-10-25 21:37:41,345 INFO com.derkovich.springdocuments.config.jwt.JwtFilter [http-nio-8080-exec-4] do filter...
2020-10-25 21:37:41,354 INFO com.derkovich.springdocuments.config.jwt.JwtFilter [http-nio-8080-exec-4] do filter...
2020-10-25 21:38:07,524 INFO com.derkovich.springdocuments.config.jwt.JwtFilter [http-nio-8080-exec-5] do filter...
2020-10-25 21:38:07,531 INFO com.derkovich.springdocuments.config.jwt.JwtFilter [http-nio-8080-exec-5] do filter...
2020-10-25 21:38:16,157 INFO com.derkovich.springdocuments.config.jwt.JwtFilter [http-nio-8080-exec-6] do filter...
2020-10-25 21:38:16,164 INFO com.derkovich.springdocuments.config.jwt.JwtFilter [http-nio-8080-exec-6] do filter...
2020-10-25 21:38:44,361 INFO com.derkovich.springdocuments.config.jwt.JwtFilter [http-nio-8080-exec-7] do filter...
2020-10-25 21:38:44,367 INFO com.derkovich.springdocuments.config.jwt.JwtFilter [http-nio-8080-exec-7] do filter...
2020-10-25 21:38:50,727 INFO com.derkovich.springdocuments.config.jwt.JwtFilter [http-nio-8080-exec-8] do filter...
2020-10-25 21:38:50,731 INFO com.derkovich.springdocuments.config.jwt.JwtFilter [http-nio-8080-exec-8] do filter...
2020-10-25 21:40:26,670 INFO org.springframework.boot.StartupInfoLogger [restartedMain] Starting SpringdocumentsApplication on DESKTOP-CIGCQPK with PID 18236 (D:\Лабы\Java\proj\target\classes started by Nikita in D:\Лабы\Java\proj)
2020-10-25 21:40:26,671 DEBUG org.springframework.boot.StartupInfoLogger [restartedMain] Running with Spring Boot v2.3.4.RELEASE, Spring v5.2.9.RELEASE
2020-10-25 21:40:26,672 INFO org.springframework.boot.SpringApplication [restartedMain] No active profile set, falling back to default profiles: default
2020-10-25 21:40:28,528 DEBUG org.springframework.web.filter.GenericFilterBean [restartedMain] Filter 'jwtFilter' configured for use
2020-10-25 21:40:29,595 INFO org.springframework.boot.StartupInfoLogger [restartedMain] Started SpringdocumentsApplication in 3.283 seconds (JVM running for 4.381)
2020-10-25 21:40:33,867 INFO com.derkovich.springdocuments.config.jwt.JwtFilter [http-nio-8080-exec-1] do filter...
2020-10-25 21:40:34,078 INFO com.derkovich.springdocuments.config.jwt.JwtFilter [http-nio-8080-exec-1] do filter...
2020-10-25 21:40:40,080 INFO com.derkovich.springdocuments.config.jwt.JwtFilter [http-nio-8080-exec-2] do filter...
2020-10-25 21:40:40,091 INFO com.derkovich.springdocuments.config.jwt.JwtFilter [http-nio-8080-exec-2] do filter...
2020-10-25 21:41:57,207 INFO com.derkovich.springdocuments.config.jwt.JwtFilter [http-nio-8080-exec-3] do filter...
2020-10-25 21:41:57,215 INFO com.derkovich.springdocuments.config.jwt.JwtFilter [http-nio-8080-exec-3] do filter...
2020-10-25 21:42:03,936 INFO com.derkovich.springdocuments.config.jwt.JwtFilter [http-nio-8080-exec-4] do filter...
2020-10-25 21:42:03,944 INFO com.derkovich.springdocuments.config.jwt.JwtFilter [http-nio-8080-exec-4] do filter...
2020-10-25 21:42:32,365 INFO com.derkovich.springdocuments.config.jwt.JwtFilter [http-nio-8080-exec-5] do filter...
2020-10-25 21:42:32,369 INFO com.derkovich.springdocuments.config.jwt.JwtFilter [http-nio-8080-exec-5] do filter...
2020-10-25 21:42:36,707 INFO com.derkovich.springdocuments.config.jwt.JwtFilter [http-nio-8080-exec-6] do filter...
2020-10-25 21:42:36,717 INFO com.derkovich.springdocuments.config.jwt.JwtFilter [http-nio-8080-exec-6] do filter...
2020-10-25 21:43:34,311 INFO com.derkovich.springdocuments.config.jwt.JwtFilter [http-nio-8080-exec-7] do filter...
2020-10-25 21:43:34,317 INFO com.derkovich.springdocuments.config.jwt.JwtFilter [http-nio-8080-exec-7] do filter...
2020-10-25 21:43:41,175 INFO com.derkovich.springdocuments.config.jwt.JwtFilter [http-nio-8080-exec-8] do filter...
2020-10-25 21:43:41,184 INFO com.derkovich.springdocuments.config.jwt.JwtFilter [http-nio-8080-exec-8] do filter...
2020-10-25 21:45:19,083 INFO com.derkovich.springdocuments.config.jwt.JwtFilter [http-nio-8080-exec-9] do filter...
2020-10-25 21:45:19,088 INFO com.derkovich.springdocuments.config.jwt.JwtFilter [http-nio-8080-exec-9] do filter...
2020-10-25 21:45:28,919 INFO com.derkovich.springdocuments.config.jwt.JwtFilter [http-nio-8080-exec-10] do filter...
2020-10-25 21:45:28,926 INFO com.derkovich.springdocuments.config.jwt.JwtFilter [http-nio-8080-exec-10] do filter...
2020-10-25 21:45:43,308 INFO com.derkovich.springdocuments.config.jwt.JwtFilter [http-nio-8080-exec-1] do filter...
2020-10-25 21:45:43,312 INFO com.derkovich.springdocuments.config.jwt.JwtFilter [http-nio-8080-exec-1] do filter...
2020-10-25 21:49:38,922 INFO org.springframework.boot.StartupInfoLogger [restartedMain] Starting SpringdocumentsApplication on DESKTOP-CIGCQPK with PID 12804 (D:\Лабы\Java\proj\target\classes started by Nikita in D:\Лабы\Java\proj)
2020-10-25 21:49:38,923 DEBUG org.springframework.boot.StartupInfoLogger [restartedMain] Running with Spring Boot v2.3.4.RELEASE, Spring v5.2.9.RELEASE
2020-10-25 21:49:38,924 INFO org.springframework.boot.SpringApplication [restartedMain] No active profile set, falling back to default profiles: default
2020-10-25 21:49:45,500 INFO org.springframework.boot.StartupInfoLogger [restartedMain] Starting SpringdocumentsApplication on DESKTOP-CIGCQPK with PID 19808 (D:\Лабы\Java\proj\target\classes started by Nikita in D:\Лабы\Java\proj)
2020-10-25 21:49:45,501 DEBUG org.springframework.boot.StartupInfoLogger [restartedMain] Running with Spring Boot v2.3.4.RELEASE, Spring v5.2.9.RELEASE
2020-10-25 21:49:45,502 INFO org.springframework.boot.SpringApplication [restartedMain] No active profile set, falling back to default profiles: default
2020-10-25 21:49:47,621 DEBUG org.springframework.web.filter.GenericFilterBean [restartedMain] Filter 'jwtFilter' configured for use
2020-10-25 21:49:48,819 INFO org.springframework.boot.StartupInfoLogger [restartedMain] Started SpringdocumentsApplication in 3.73 seconds (JVM running for 5.391)
2020-10-25 21:50:17,488 INFO com.derkovich.springdocuments.config.jwt.JwtFilter [http-nio-8080-exec-1] do filter...
2020-10-25 21:50:17,603 INFO com.derkovich.springdocuments.config.jwt.JwtFilter [http-nio-8080-exec-1] do filter...
2020-10-25 21:51:55,182 INFO org.springframework.boot.StartupInfoLogger [restartedMain] Starting SpringdocumentsApplication on DESKTOP-CIGCQPK with PID 18772 (D:\Лабы\Java\proj\target\classes started by Nikita in D:\Лабы\Java\proj)
2020-10-25 21:51:55,183 DEBUG org.springframework.boot.StartupInfoLogger [restartedMain] Running with Spring Boot v2.3.4.RELEASE, Spring v5.2.9.RELEASE
2020-10-25 21:51:55,184 INFO org.springframework.boot.SpringApplication [restartedMain] No active profile set, falling back to default profiles: default
2020-10-25 21:51:57,015 DEBUG org.springframework.web.filter.GenericFilterBean [restartedMain] Filter 'jwtFilter' configured for use
2020-10-25 21:51:58,154 INFO org.springframework.boot.StartupInfoLogger [restartedMain] Started SpringdocumentsApplication in 3.312 seconds (JVM running for 4.396)
2020-10-25 21:52:04,589 INFO com.derkovich.springdocuments.config.jwt.JwtFilter [http-nio-8080-exec-1] do filter...
2020-10-25 21:52:04,766 INFO com.derkovich.springdocuments.config.jwt.JwtFilter [http-nio-8080-exec-1] do filter...
2020-10-25 21:52:10,222 INFO com.derkovich.springdocuments.config.jwt.JwtFilter [http-nio-8080-exec-3] do filter...
2020-10-25 21:52:10,230 INFO com.derkovich.springdocuments.config.jwt.JwtFilter [http-nio-8080-exec-3] do filter...
2020-10-25 21:53:00,308 INFO org.springframework.boot.StartupInfoLogger [restartedMain] Starting SpringdocumentsApplication on DESKTOP-CIGCQPK with PID 2592 (D:\Лабы\Java\proj\target\classes started by Nikita in D:\Лабы\Java\proj)
2020-10-25 21:53:00,309 DEBUG org.springframework.boot.StartupInfoLogger [restartedMain] Running with Spring Boot v2.3.4.RELEASE, Spring v5.2.9.RELEASE
2020-10-25 21:53:00,310 INFO org.springframework.boot.SpringApplication [restartedMain] No active profile set, falling back to default profiles: default
2020-10-25 21:53:02,208 DEBUG org.springframework.web.filter.GenericFilterBean [restartedMain] Filter 'jwtFilter' configured for use
2020-10-25 21:53:03,348 INFO org.springframework.boot.StartupInfoLogger [restartedMain] Started SpringdocumentsApplication in 3.407 seconds (JVM running for 4.513)
2020-10-25 21:53:08,263 INFO com.derkovich.springdocuments.config.jwt.JwtFilter [http-nio-8080-exec-2] do filter...
2020-10-25 21:53:08,445 INFO com.derkovich.springdocuments.config.jwt.JwtFilter [http-nio-8080-exec-2] do filter...
2020-10-25 21:53:13,368 INFO com.derkovich.springdocuments.config.jwt.JwtFilter [http-nio-8080-exec-4] do filter...
2020-10-25 21:53:13,380 INFO com.derkovich.springdocuments.config.jwt.JwtFilter [http-nio-8080-exec-4] do filter...
2020-10-25 21:54:07,915 INFO org.springframework.boot.StartupInfoLogger [restartedMain] Starting SpringdocumentsApplication on DESKTOP-CIGCQPK with PID 5856 (D:\Лабы\Java\proj\target\classes started by Nikita in D:\Лабы\Java\proj)
2020-10-25 21:54:07,916 DEBUG org.springframework.boot.StartupInfoLogger [restartedMain] Running with Spring Boot v2.3.4.RELEASE, Spring v5.2.9.RELEASE
2020-10-25 21:54:07,916 INFO org.springframework.boot.SpringApplication [restartedMain] No active profile set, falling back to default profiles: default
2020-10-25 21:54:09,899 DEBUG org.springframework.web.filter.GenericFilterBean [restartedMain] Filter 'jwtFilter' configured for use
2020-10-25 21:54:11,135 INFO org.springframework.boot.StartupInfoLogger [restartedMain] Started SpringdocumentsApplication in 3.586 seconds (JVM running for 4.671)
2020-10-25 21:54:13,536 INFO com.derkovich.springdocuments.config.jwt.JwtFilter [http-nio-8080-exec-1] do filter...
2020-10-25 21:54:13,736 INFO com.derkovich.springdocuments.config.jwt.JwtFilter [http-nio-8080-exec-1] do filter...
2020-10-25 21:54:19,656 INFO com.derkovich.springdocuments.config.jwt.JwtFilter [http-nio-8080-exec-2] do filter...
2020-10-25 21:54:19,665 INFO com.derkovich.springdocuments.config.jwt.JwtFilter [http-nio-8080-exec-2] do filter...
2020-10-25 21:54:55,610 INFO org.springframework.boot.StartupInfoLogger [restartedMain] Starting SpringdocumentsApplication on DESKTOP-CIGCQPK with PID 10132 (D:\Лабы\Java\proj\target\classes started by Nikita in D:\Лабы\Java\proj)
2020-10-25 21:54:55,612 DEBUG org.springframework.boot.StartupInfoLogger [restartedMain] Running with Spring Boot v2.3.4.RELEASE, Spring v5.2.9.RELEASE
2020-10-25 21:54:55,612 INFO org.springframework.boot.SpringApplication [restartedMain] No active profile set, falling back to default profiles: default
2020-10-25 21:54:58,375 DEBUG org.springframework.web.filter.GenericFilterBean [restartedMain] Filter 'jwtFilter' configured for use
2020-10-25 21:54:59,653 INFO org.springframework.boot.StartupInfoLogger [restartedMain] Started SpringdocumentsApplication in 4.415 seconds (JVM running for 5.954)
2020-10-25 21:54:59,869 INFO com.derkovich.springdocuments.config.jwt.JwtFilter [http-nio-8080-exec-1] do filter...
2020-10-25 21:55:00,447 INFO com.derkovich.springdocuments.config.jwt.JwtFilter [http-nio-8080-exec-1] do filter...
2020-10-25 21:55:01,869 INFO com.derkovich.springdocuments.config.jwt.JwtFilter [http-nio-8080-exec-3] do filter...
2020-10-25 21:55:01,879 INFO com.derkovich.springdocuments.config.jwt.JwtFilter [http-nio-8080-exec-3] do filter...
2020-10-25 21:55:01,909 TRACE com.derkovich.springdocuments.aoplog.AOPLogger [http-nio-8080-exec-3] Admin upload start
2020-10-25 21:55:01,913 TRACE com.derkovich.springdocuments.aoplog.AOPLogger [http-nio-8080-exec-3] Admin has uploaded file
2020-10-25 21:55:40,190 INFO com.derkovich.springdocuments.config.jwt.JwtFilter [http-nio-8080-exec-6] do filter...
2020-10-25 21:55:40,195 INFO com.derkovich.springdocuments.config.jwt.JwtFilter [http-nio-8080-exec-6] do filter...
2020-10-25 21:55:56,905 INFO com.derkovich.springdocuments.config.jwt.JwtFilter [http-nio-8080-exec-8] do filter...
2020-10-25 21:55:56,910 INFO com.derkovich.springdocuments.config.jwt.JwtFilter [http-nio-8080-exec-8] do filter...
2020-10-25 21:55:56,915 INFO com.derkovich.springdocuments.config.jwt.JwtFilter [http-nio-8080-exec-9] do filter...
2020-10-25 21:55:56,932 INFO com.derkovich.springdocuments.config.jwt.JwtFilter [http-nio-8080-exec-9] do filter...
2020-10-25 21:55:59,061 INFO com.derkovich.springdocuments.config.jwt.JwtFilter [http-nio-8080-exec-2] do filter...
2020-10-25 21:55:59,065 INFO com.derkovich.springdocuments.config.jwt.JwtFilter [http-nio-8080-exec-2] do filter...
2020-10-25 21:55:59,070 INFO com.derkovich.springdocuments.config.jwt.JwtFilter [http-nio-8080-exec-3] do filter...
2020-10-25 21:55:59,075 INFO com.derkovich.springdocuments.config.jwt.JwtFilter [http-nio-8080-exec-3] do filter...
2020-10-25 21:56:24,354 INFO org.springframework.boot.StartupInfoLogger [restartedMain] Starting SpringdocumentsApplication on DESKTOP-CIGCQPK with PID 11228 (D:\Лабы\Java\proj\target\classes started by Nikita in D:\Лабы\Java\proj)
2020-10-25 21:56:24,356 DEBUG org.springframework.boot.StartupInfoLogger [restartedMain] Running with Spring Boot v2.3.4.RELEASE, Spring v5.2.9.RELEASE
2020-10-25 21:56:24,356 INFO org.springframework.boot.SpringApplication [restartedMain] No active profile set, falling back to default profiles: default
2020-10-25 21:56:26,441 DEBUG org.springframework.web.filter.GenericFilterBean [restartedMain] Filter 'jwtFilter' configured for use
2020-10-25 21:56:27,586 INFO org.springframework.boot.StartupInfoLogger [restartedMain] Started SpringdocumentsApplication in 3.661 seconds (JVM running for 4.927)
2020-10-25 21:57:02,509 INFO com.derkovich.springdocuments.config.jwt.JwtFilter [http-nio-8080-exec-1] do filter...
2020-10-25 21:57:02,627 INFO com.derkovich.springdocuments.config.jwt.JwtFilter [http-nio-8080-exec-1] do filter...
2020-10-25 21:57:02,660 TRACE com.derkovich.springdocuments.aoplog.AOPLogger [http-nio-8080-exec-1] Admin upload start
2020-10-25 21:57:02,663 TRACE com.derkovich.springdocuments.aoplog.AOPLogger [http-nio-8080-exec-1] Admin has uploaded file
2020-10-25 21:58:12,986 INFO org.springframework.boot.StartupInfoLogger [restartedMain] Starting SpringdocumentsApplication on DESKTOP-CIGCQPK with PID 9380 (D:\Лабы\Java\proj\target\classes started by Nikita in D:\Лабы\Java\proj)
2020-10-25 21:58:12,987 DEBUG org.springframework.boot.StartupInfoLogger [restartedMain] Running with Spring Boot v2.3.4.RELEASE, Spring v5.2.9.RELEASE
2020-10-25 21:58:12,988 INFO org.springframework.boot.SpringApplication [restartedMain] No active profile set, falling back to default profiles: default
2020-10-25 21:58:14,897 DEBUG org.springframework.web.filter.GenericFilterBean [restartedMain] Filter 'jwtFilter' configured for use
2020-10-25 21:58:16,094 INFO org.springframework.boot.StartupInfoLogger [restartedMain] Started SpringdocumentsApplication in 3.463 seconds (JVM running for 4.603)
2020-10-25 21:58:20,737 INFO com.derkovich.springdocuments.config.jwt.JwtFilter [http-nio-8080-exec-1] do filter...
2020-10-25 21:58:20,919 INFO com.derkovich.springdocuments.config.jwt.JwtFilter [http-nio-8080-exec-1] do filter...
2020-10-25 21:58:25,843 INFO com.derkovich.springdocuments.config.jwt.JwtFilter [http-nio-8080-exec-2] do filter...
2020-10-25 21:58:25,852 INFO com.derkovich.springdocuments.config.jwt.JwtFilter [http-nio-8080-exec-2] do filter...
2020-10-25 22:02:12,374 INFO org.springframework.boot.StartupInfoLogger [restartedMain] Starting SpringdocumentsApplication on DESKTOP-CIGCQPK with PID 1304 (D:\Лабы\Java\proj\target\classes started by Nikita in D:\Лабы\Java\proj)
2020-10-25 22:02:12,375 DEBUG org.springframework.boot.StartupInfoLogger [restartedMain] Running with Spring Boot v2.3.4.RELEASE, Spring v5.2.9.RELEASE
2020-10-25 22:02:12,376 INFO org.springframework.boot.SpringApplication [restartedMain] No active profile set, falling back to default profiles: default
2020-10-25 22:02:14,614 DEBUG org.springframework.web.filter.GenericFilterBean [restartedMain] Filter 'jwtFilter' configured for use
2020-10-25 22:02:16,227 INFO org.springframework.boot.StartupInfoLogger [restartedMain] Started SpringdocumentsApplication in 4.278 seconds (JVM running for 5.51)
2020-10-25 22:02:16,370 INFO com.derkovich.springdocuments.config.jwt.JwtFilter [http-nio-8080-exec-1] do filter...
2020-10-25 22:02:17,310 INFO com.derkovich.springdocuments.config.jwt.JwtFilter [http-nio-8080-exec-1] do filter...
2020-10-25 22:02:21,000 INFO com.derkovich.springdocuments.config.jwt.JwtFilter [http-nio-8080-exec-2] do filter...
2020-10-25 22:02:21,011 INFO com.derkovich.springdocuments.config.jwt.JwtFilter [http-nio-8080-exec-2] do filter...
2020-10-25 22:02:43,205 INFO com.derkovich.springdocuments.config.jwt.JwtFilter [http-nio-8080-exec-6] do filter...
2020-10-25 22:02:43,212 INFO com.derkovich.springdocuments.config.jwt.JwtFilter [http-nio-8080-exec-6] do filter...
2020-10-25 22:02:47,467 INFO com.derkovich.springdocuments.config.jwt.JwtFilter [http-nio-8080-exec-4] do filter...
2020-10-25 22:02:47,471 INFO com.derkovich.springdocuments.config.jwt.JwtFilter [http-nio-8080-exec-4] do filter...
2020-10-25 22:02:52,433 INFO com.derkovich.springdocuments.config.jwt.JwtFilter [http-nio-8080-exec-5] do filter...
2020-10-25 22:02:52,439 INFO com.derkovich.springdocuments.config.jwt.JwtFilter [http-nio-8080-exec-5] do filter...
2020-10-25 22:03:17,400 INFO com.derkovich.springdocuments.config.jwt.JwtFilter [http-nio-8080-exec-10] do filter...
2020-10-25 22:03:17,407 INFO com.derkovich.springdocuments.config.jwt.JwtFilter [http-nio-8080-exec-10] do filter...
2020-10-25 22:03:28,730 INFO com.derkovich.springdocuments.config.jwt.JwtFilter [http-nio-8080-exec-9] do filter...
2020-10-25 22:03:28,734 INFO com.derkovich.springdocuments.config.jwt.JwtFilter [http-nio-8080-exec-9] do filter...
2020-10-25 22:04:37,685 INFO com.derkovich.springdocuments.config.jwt.JwtFilter [http-nio-8080-exec-1] do filter...
2020-10-25 22:04:37,692 INFO com.derkovich.springdocuments.config.jwt.JwtFilter [http-nio-8080-exec-1] do filter...
2020-10-25 22:04:44,040 INFO com.derkovich.springdocuments.config.jwt.JwtFilter [http-nio-8080-exec-3] do filter...
2020-10-25 22:04:44,049 INFO com.derkovich.springdocuments.config.jwt.JwtFilter [http-nio-8080-exec-3] do filter...
2020-10-25 22:06:57,668 INFO org.springframework.boot.StartupInfoLogger [restartedMain] Starting SpringdocumentsApplication on DESKTOP-CIGCQPK with PID 15192 (D:\Лабы\Java\proj\target\classes started by Nikita in D:\Лабы\Java\proj)
2020-10-25 22:06:57,671 DEBUG org.springframework.boot.StartupInfoLogger [restartedMain] Running with Spring Boot v2.3.4.RELEASE, Spring v5.2.9.RELEASE
2020-10-25 22:06:57,672 INFO org.springframework.boot.SpringApplication [restartedMain] No active profile set, falling back to default profiles: default
2020-10-25 22:06:59,841 DEBUG org.springframework.web.filter.GenericFilterBean [restartedMain] Filter 'jwtFilter' configured for use
2020-10-25 22:07:01,349 INFO org.springframework.boot.StartupInfoLogger [restartedMain] Started SpringdocumentsApplication in 4.2 seconds (JVM running for 5.336)
2020-10-25 22:07:01,777 INFO com.derkovich.springdocuments.config.jwt.JwtFilter [http-nio-8080-exec-1] do filter...
2020-10-25 22:07:02,352 INFO com.derkovich.springdocuments.config.jwt.JwtFilter [http-nio-8080-exec-2] do filter...
2020-10-25 22:07:02,430 INFO com.derkovich.springdocuments.config.jwt.JwtFilter [http-nio-8080-exec-1] do filter...
2020-10-25 22:07:02,430 INFO com.derkovich.springdocuments.config.jwt.JwtFilter [http-nio-8080-exec-2] do filter...
2020-10-25 22:07:02,873 INFO com.derkovich.springdocuments.config.jwt.JwtFilter [http-nio-8080-exec-3] do filter...
2020-10-25 22:07:02,877 INFO com.derkovich.springdocuments.config.jwt.JwtFilter [http-nio-8080-exec-3] do filter...
2020-10-25 22:07:03,293 INFO com.derkovich.springdocuments.config.jwt.JwtFilter [http-nio-8080-exec-4] do filter...
2020-10-25 22:07:03,297 INFO com.derkovich.springdocuments.config.jwt.JwtFilter [http-nio-8080-exec-4] do filter...
2020-10-25 22:07:09,763 INFO com.derkovich.springdocuments.config.jwt.JwtFilter [http-nio-8080-exec-7] do filter...
2020-10-25 22:07:09,776 INFO com.derkovich.springdocuments.config.jwt.JwtFilter [http-nio-8080-exec-7] do filter...
2020-10-25 22:10:25,038 INFO org.springframework.boot.StartupInfoLogger [restartedMain] Starting SpringdocumentsApplication on DESKTOP-CIGCQPK with PID 12160 (D:\Лабы\Java\proj\target\classes started by Nikita in D:\Лабы\Java\proj)
2020-10-25 22:10:25,039 DEBUG org.springframework.boot.StartupInfoLogger [restartedMain] Running with Spring Boot v2.3.4.RELEASE, Spring v5.2.9.RELEASE
2020-10-25 22:10:25,040 INFO org.springframework.boot.SpringApplication [restartedMain] No active profile set, falling back to default profiles: default
2020-10-25 22:10:26,870 DEBUG org.springframework.web.filter.GenericFilterBean [restartedMain] Filter 'jwtFilter' configured for use
2020-10-25 22:10:27,934 INFO org.springframework.boot.StartupInfoLogger [restartedMain] Started SpringdocumentsApplication in 3.247 seconds (JVM running for 4.361)
2020-10-25 22:10:33,891 INFO com.derkovich.springdocuments.config.jwt.JwtFilter [http-nio-8080-exec-1] do filter...
2020-10-25 22:10:34,064 INFO com.derkovich.springdocuments.config.jwt.JwtFilter [http-nio-8080-exec-1] do filter...
2020-10-25 22:10:39,421 INFO com.derkovich.springdocuments.config.jwt.JwtFilter [http-nio-8080-exec-4] do filter...
2020-10-25 22:10:39,431 INFO com.derkovich.springdocuments.config.jwt.JwtFilter [http-nio-8080-exec-4] do filter...
2020-10-25 22:11:23,686 INFO com.derkovich.springdocuments.config.jwt.JwtFilter [http-nio-8080-exec-5] do filter...
2020-10-25 22:11:23,709 INFO com.derkovich.springdocuments.config.jwt.JwtFilter [http-nio-8080-exec-5] do filter...
2020-10-25 22:11:29,308 INFO org.springframework.boot.StartupInfoLogger [restartedMain] Starting SpringdocumentsApplication on DESKTOP-CIGCQPK with PID 17608 (D:\Лабы\Java\proj\target\classes started by Nikita in D:\Лабы\Java\proj)
2020-10-25 22:11:29,309 DEBUG org.springframework.boot.StartupInfoLogger [restartedMain] Running with Spring Boot v2.3.4.RELEASE, Spring v5.2.9.RELEASE
2020-10-25 22:11:29,309 INFO org.springframework.boot.SpringApplication [restartedMain] No active profile set, falling back to default profiles: default
2020-10-25 22:11:31,352 DEBUG org.springframework.web.filter.GenericFilterBean [restartedMain] Filter 'jwtFilter' configured for use
2020-10-25 22:11:32,788 INFO org.springframework.boot.StartupInfoLogger [restartedMain] Started SpringdocumentsApplication in 3.863 seconds (JVM running for 4.948)
2020-10-25 22:11:40,588 INFO com.derkovich.springdocuments.config.jwt.JwtFilter [http-nio-8080-exec-1] do filter...
2020-10-25 22:11:40,709 INFO com.derkovich.springdocuments.config.jwt.JwtFilter [http-nio-8080-exec-1] do filter...
2020-10-25 22:11:40,735 TRACE com.derkovich.springdocuments.aoplog.AOPLogger [http-nio-8080-exec-1] Admin upload start
2020-10-25 22:11:40,745 TRACE com.derkovich.springdocuments.aoplog.AOPLogger [http-nio-8080-exec-1] Admin has uploaded file
2020-10-25 22:11:40,801 INFO com.derkovich.springdocuments.config.jwt.JwtFilter [http-nio-8080-exec-2] do filter...
2020-10-25 22:11:40,806 INFO com.derkovich.springdocuments.config.jwt.JwtFilter [http-nio-8080-exec-2] do filter...
2020-10-25 22:12:43,631 INFO org.springframework.boot.StartupInfoLogger [restartedMain] Starting SpringdocumentsApplication on DESKTOP-CIGCQPK with PID 6568 (D:\Лабы\Java\proj\target\classes started by Nikita in D:\Лабы\Java\proj)
2020-10-25 22:12:43,632 DEBUG org.springframework.boot.StartupInfoLogger [restartedMain] Running with Spring Boot v2.3.4.RELEASE, Spring v5.2.9.RELEASE
2020-10-25 22:12:43,633 INFO org.springframework.boot.SpringApplication [restartedMain] No active profile set, falling back to default profiles: default
2020-10-25 22:12:45,461 DEBUG org.springframework.web.filter.GenericFilterBean [restartedMain] Filter 'jwtFilter' configured for use
2020-10-25 22:12:46,584 INFO org.springframework.boot.StartupInfoLogger [restartedMain] Started SpringdocumentsApplication in 3.309 seconds (JVM running for 4.379)
2020-10-25 22:13:09,461 INFO com.derkovich.springdocuments.config.jwt.JwtFilter [http-nio-8080-exec-1] do filter...
2020-10-25 22:13:09,583 INFO com.derkovich.springdocuments.config.jwt.JwtFilter [http-nio-8080-exec-1] do filter...
2020-10-25 22:13:09,610 TRACE com.derkovich.springdocuments.aoplog.AOPLogger [http-nio-8080-exec-1] Admin upload start
2020-10-25 22:13:09,614 TRACE com.derkovich.springdocuments.aoplog.AOPLogger [http-nio-8080-exec-1] Admin has uploaded file
2020-10-25 22:13:09,672 INFO com.derkovich.springdocuments.config.jwt.JwtFilter [http-nio-8080-exec-2] do filter...
2020-10-25 22:13:09,678 INFO com.derkovich.springdocuments.config.jwt.JwtFilter [http-nio-8080-exec-2] do filter...
2020-10-25 22:14:10,654 INFO org.springframework.boot.StartupInfoLogger [restartedMain] Starting SpringdocumentsApplication on DESKTOP-CIGCQPK with PID 17948 (D:\Лабы\Java\proj\target\classes started by Nikita in D:\Лабы\Java\proj)
2020-10-25 22:14:10,655 DEBUG org.springframework.boot.StartupInfoLogger [restartedMain] Running with Spring Boot v2.3.4.RELEASE, Spring v5.2.9.RELEASE
2020-10-25 22:14:10,655 INFO org.springframework.boot.SpringApplication [restartedMain] No active profile set, falling back to default profiles: default
2020-10-25 22:14:12,809 DEBUG org.springframework.web.filter.GenericFilterBean [restartedMain] Filter 'jwtFilter' configured for use
2020-10-25 22:14:14,036 INFO org.springframework.boot.StartupInfoLogger [restartedMain] Started SpringdocumentsApplication in 3.756 seconds (JVM running for 4.911)
2020-10-25 22:14:24,314 INFO com.derkovich.springdocuments.config.jwt.JwtFilter [http-nio-8080-exec-1] do filter...
2020-10-25 22:14:24,431 INFO com.derkovich.springdocuments.config.jwt.JwtFilter [http-nio-8080-exec-1] do filter...
2020-10-25 22:14:24,467 TRACE com.derkovich.springdocuments.aoplog.AOPLogger [http-nio-8080-exec-1] Admin upload start
2020-10-25 22:14:24,477 TRACE com.derkovich.springdocuments.aoplog.AOPLogger [http-nio-8080-exec-1] Admin has uploaded file
2020-10-25 22:14:24,537 INFO com.derkovich.springdocuments.config.jwt.JwtFilter [http-nio-8080-exec-2] do filter...
2020-10-25 22:14:24,542 INFO com.derkovich.springdocuments.config.jwt.JwtFilter [http-nio-8080-exec-2] do filter...
2020-10-25 22:15:02,308 INFO org.springframework.boot.StartupInfoLogger [restartedMain] Starting SpringdocumentsApplication on DESKTOP-CIGCQPK with PID 7304 (D:\Лабы\Java\proj\target\classes started by Nikita in D:\Лабы\Java\proj)
2020-10-25 22:15:02,309 DEBUG org.springframework.boot.StartupInfoLogger [restartedMain] Running with Spring Boot v2.3.4.RELEASE, Spring v5.2.9.RELEASE
2020-10-25 22:15:02,310 INFO org.springframework.boot.SpringApplication [restartedMain] No active profile set, falling back to default profiles: default
2020-10-25 22:15:04,125 DEBUG org.springframework.web.filter.GenericFilterBean [restartedMain] Filter 'jwtFilter' configured for use
2020-10-25 22:15:05,222 INFO org.springframework.boot.StartupInfoLogger [restartedMain] Started SpringdocumentsApplication in 3.262 seconds (JVM running for 4.379)
2020-10-25 22:15:15,653 INFO com.derkovich.springdocuments.config.jwt.JwtFilter [http-nio-8080-exec-1] do filter...
2020-10-25 22:15:15,777 INFO com.derkovich.springdocuments.config.jwt.JwtFilter [http-nio-8080-exec-1] do filter...
2020-10-25 22:15:15,806 TRACE com.derkovich.springdocuments.aoplog.AOPLogger [http-nio-8080-exec-1] Admin upload start
2020-10-25 22:15:15,810 TRACE com.derkovich.springdocuments.aoplog.AOPLogger [http-nio-8080-exec-1] Admin has uploaded file
2020-10-25 22:17:09,726 INFO org.springframework.boot.StartupInfoLogger [restartedMain] Starting SpringdocumentsApplication on DESKTOP-CIGCQPK with PID 10752 (D:\Лабы\Java\proj\target\classes started by Nikita in D:\Лабы\Java\proj)
2020-10-25 22:17:09,727 DEBUG org.springframework.boot.StartupInfoLogger [restartedMain] Running with Spring Boot v2.3.4.RELEASE, Spring v5.2.9.RELEASE
2020-10-25 22:17:09,727 INFO org.springframework.boot.SpringApplication [restartedMain] No active profile set, falling back to default profiles: default
2020-10-25 22:17:11,573 DEBUG org.springframework.web.filter.GenericFilterBean [restartedMain] Filter 'jwtFilter' configured for use
2020-10-25 22:17:12,736 INFO org.springframework.boot.StartupInfoLogger [restartedMain] Started SpringdocumentsApplication in 3.392 seconds (JVM running for 4.487)
2020-10-25 22:17:14,629 INFO com.derkovich.springdocuments.config.jwt.JwtFilter [http-nio-8080-exec-1] do filter...
2020-10-25 22:17:14,923 INFO com.derkovich.springdocuments.config.jwt.JwtFilter [http-nio-8080-exec-1] do filter...
2020-10-25 22:17:19,982 INFO com.derkovich.springdocuments.config.jwt.JwtFilter [http-nio-8080-exec-2] do filter...
2020-10-25 22:17:19,990 INFO com.derkovich.springdocuments.config.jwt.JwtFilter [http-nio-8080-exec-2] do filter...
2020-10-25 22:17:20,017 TRACE com.derkovich.springdocuments.aoplog.AOPLogger [http-nio-8080-exec-2] Admin upload start
2020-10-25 22:17:20,022 TRACE com.derkovich.springdocuments.aoplog.AOPLogger [http-nio-8080-exec-2] Admin has uploaded file
2020-10-25 22:19:55,078 INFO org.springframework.boot.StartupInfoLogger [restartedMain] Starting SpringdocumentsApplication on DESKTOP-CIGCQPK with PID 17348 (D:\Лабы\Java\proj\target\classes started by Nikita in D:\Лабы\Java\proj)
2020-10-25 22:19:55,079 DEBUG org.springframework.boot.StartupInfoLogger [restartedMain] Running with Spring Boot v2.3.4.RELEASE, Spring v5.2.9.RELEASE
2020-10-25 22:19:55,080 INFO org.springframework.boot.SpringApplication [restartedMain] No active profile set, falling back to default profiles: default
2020-10-25 22:19:57,408 DEBUG org.springframework.web.filter.GenericFilterBean [restartedMain] Filter 'jwtFilter' configured for use
2020-10-25 22:19:59,308 INFO org.springframework.boot.StartupInfoLogger [restartedMain] Started SpringdocumentsApplication in 4.642 seconds (JVM running for 6.298)
2020-10-25 22:20:16,421 INFO com.derkovich.springdocuments.config.jwt.JwtFilter [http-nio-8080-exec-2] do filter...
2020-10-25 22:20:16,421 INFO com.derkovich.springdocuments.config.jwt.JwtFilter [http-nio-8080-exec-1] do filter...
2020-10-25 22:20:16,661 INFO com.derkovich.springdocuments.config.jwt.JwtFilter [http-nio-8080-exec-2] do filter...
2020-10-25 22:20:16,661 INFO com.derkovich.springdocuments.config.jwt.JwtFilter [http-nio-8080-exec-1] do filter...
2020-10-25 22:20:16,685 TRACE com.derkovich.springdocuments.aoplog.AOPLogger [http-nio-8080-exec-2] Admin upload start
2020-10-25 22:20:18,790 TRACE com.derkovich.springdocuments.aoplog.AOPLogger [http-nio-8080-exec-2] Admin has uploaded file
2020-10-25 22:20:34,153 INFO com.derkovich.springdocuments.config.jwt.JwtFilter [http-nio-8080-exec-4] do filter...
2020-10-25 22:20:34,157 INFO com.derkovich.springdocuments.config.jwt.JwtFilter [http-nio-8080-exec-4] do filter...
2020-10-25 22:20:38,846 INFO com.derkovich.springdocuments.config.jwt.JwtFilter [http-nio-8080-exec-5] do filter...
2020-10-25 22:20:38,852 INFO com.derkovich.springdocuments.config.jwt.JwtFilter [http-nio-8080-exec-5] do filter...
2020-10-25 22:20:38,858 TRACE com.derkovich.springdocuments.aoplog.AOPLogger [http-nio-8080-exec-5] Admin upload start
2020-10-25 22:33:58,534 TRACE com.derkovich.springdocuments.aoplog.AOPLogger [http-nio-8080-exec-5] Admin has uploaded file
2020-10-25 22:34:06,426 INFO org.springframework.boot.StartupInfoLogger [restartedMain] Starting SpringdocumentsApplication on DESKTOP-CIGCQPK with PID 13480 (D:\Лабы\Java\proj\target\classes started by Nikita in D:\Лабы\Java\proj)
2020-10-25 22:34:06,428 DEBUG org.springframework.boot.StartupInfoLogger [restartedMain] Running with Spring Boot v2.3.4.RELEASE, Spring v5.2.9.RELEASE
2020-10-25 22:34:06,428 INFO org.springframework.boot.SpringApplication [restartedMain] No active profile set, falling back to default profiles: default
2020-10-25 22:34:08,353 DEBUG org.springframework.web.filter.GenericFilterBean [restartedMain] Filter 'jwtFilter' configured for use
2020-10-25 22:34:09,441 INFO org.springframework.boot.StartupInfoLogger [restartedMain] Started SpringdocumentsApplication in 3.372 seconds (JVM running for 4.5)
2020-10-25 22:34:17,675 INFO com.derkovich.springdocuments.config.jwt.JwtFilter [http-nio-8080-exec-2] do filter...
2020-10-25 22:34:17,834 INFO com.derkovich.springdocuments.config.jwt.JwtFilter [http-nio-8080-exec-2] do filter...
2020-10-25 22:34:24,133 INFO com.derkovich.springdocuments.config.jwt.JwtFilter [http-nio-8080-exec-4] do filter...
2020-10-25 22:34:24,159 INFO com.derkovich.springdocuments.config.jwt.JwtFilter [http-nio-8080-exec-4] do filter...
2020-10-25 22:36:40,888 INFO com.derkovich.springdocuments.config.jwt.JwtFilter [http-nio-8080-exec-6] do filter...
2020-10-25 22:36:40,895 INFO com.derkovich.springdocuments.config.jwt.JwtFilter [http-nio-8080-exec-6] do filter...
2020-10-25 22:36:50,576 INFO com.derkovich.springdocuments.config.jwt.JwtFilter [http-nio-8080-exec-9] do filter...
2020-10-25 22:36:50,582 INFO com.derkovich.springdocuments.config.jwt.JwtFilter [http-nio-8080-exec-9] do filter...
2020-10-25 22:37:14,865 INFO com.derkovich.springdocuments.config.jwt.JwtFilter [http-nio-8080-exec-10] do filter...
2020-10-25 22:37:14,872 INFO com.derkovich.springdocuments.config.jwt.JwtFilter [http-nio-8080-exec-10] do filter...
2020-10-25 22:37:17,476 INFO com.derkovich.springdocuments.config.jwt.JwtFilter [http-nio-8080-exec-1] do filter...
2020-10-25 22:37:17,483 INFO com.derkovich.springdocuments.config.jwt.JwtFilter [http-nio-8080-exec-1] do filter...
2020-10-25 22:37:23,576 INFO com.derkovich.springdocuments.config.jwt.JwtFilter [http-nio-8080-exec-3] do filter...
2020-10-25 22:37:23,590 INFO com.derkovich.springdocuments.config.jwt.JwtFilter [http-nio-8080-exec-3] do filter...
2020-10-25 22:38:36,101 INFO org.springframework.boot.StartupInfoLogger [restartedMain] Starting SpringdocumentsApplication on DESKTOP-CIGCQPK with PID 11872 (D:\Лабы\Java\proj\target\classes started by Nikita in D:\Лабы\Java\proj)
2020-10-25 22:38:36,102 DEBUG org.springframework.boot.StartupInfoLogger [restartedMain] Running with Spring Boot v2.3.4.RELEASE, Spring v5.2.9.RELEASE
2020-10-25 22:38:36,102 INFO org.springframework.boot.SpringApplication [restartedMain] No active profile set, falling back to default profiles: default
2020-10-25 22:38:37,993 DEBUG org.springframework.web.filter.GenericFilterBean [restartedMain] Filter 'jwtFilter' configured for use
2020-10-25 22:38:39,098 INFO org.springframework.boot.StartupInfoLogger [restartedMain] Started SpringdocumentsApplication in 3.358 seconds (JVM running for 4.534)
2020-10-25 22:38:41,974 INFO com.derkovich.springdocuments.config.jwt.JwtFilter [http-nio-8080-exec-1] do filter...
2020-10-25 22:38:42,155 INFO com.derkovich.springdocuments.config.jwt.JwtFilter [http-nio-8080-exec-1] do filter...
2020-10-25 22:38:46,397 INFO com.derkovich.springdocuments.config.jwt.JwtFilter [http-nio-8080-exec-2] do filter...
2020-10-25 22:38:46,403 INFO com.derkovich.springdocuments.config.jwt.JwtFilter [http-nio-8080-exec-2] do filter...
2020-10-25 22:39:10,380 INFO org.springframework.boot.StartupInfoLogger [restartedMain] Starting SpringdocumentsApplication on DESKTOP-CIGCQPK with PID 3028 (D:\Лабы\Java\proj\target\classes started by Nikita in D:\Лабы\Java\proj)
2020-10-25 22:39:10,381 DEBUG org.springframework.boot.StartupInfoLogger [restartedMain] Running with Spring Boot v2.3.4.RELEASE, Spring v5.2.9.RELEASE
2020-10-25 22:39:10,381 INFO org.springframework.boot.SpringApplication [restartedMain] No active profile set, falling back to default profiles: default
2020-10-25 22:39:12,350 DEBUG org.springframework.web.filter.GenericFilterBean [restartedMain] Filter 'jwtFilter' configured for use
2020-10-25 22:39:13,421 INFO org.springframework.boot.StartupInfoLogger [restartedMain] Started SpringdocumentsApplication in 3.448 seconds (JVM running for 4.537)
2020-10-25 22:39:17,070 INFO com.derkovich.springdocuments.config.jwt.JwtFilter [http-nio-8080-exec-1] do filter...
2020-10-25 22:39:17,251 INFO com.derkovich.springdocuments.config.jwt.JwtFilter [http-nio-8080-exec-1] do filter...
2020-10-25 22:39:22,221 INFO com.derkovich.springdocuments.config.jwt.JwtFilter [http-nio-8080-exec-2] do filter...
2020-10-25 22:39:22,233 INFO com.derkovich.springdocuments.config.jwt.JwtFilter [http-nio-8080-exec-2] do filter...
2020-10-25 22:40:08,657 INFO org.springframework.boot.StartupInfoLogger [restartedMain] Starting SpringdocumentsApplication on DESKTOP-CIGCQPK with PID 17344 (D:\Лабы\Java\proj\target\classes started by Nikita in D:\Лабы\Java\proj)
2020-10-25 22:40:08,658 DEBUG org.springframework.boot.StartupInfoLogger [restartedMain] Running with Spring Boot v2.3.4.RELEASE, Spring v5.2.9.RELEASE
2020-10-25 22:40:08,658 INFO org.springframework.boot.SpringApplication [restartedMain] No active profile set, falling back to default profiles: default
2020-10-25 22:40:10,557 DEBUG org.springframework.web.filter.GenericFilterBean [restartedMain] Filter 'jwtFilter' configured for use
2020-10-25 22:40:11,668 INFO org.springframework.boot.StartupInfoLogger [restartedMain] Started SpringdocumentsApplication in 3.361 seconds (JVM running for 4.487)
2020-10-25 22:40:14,160 INFO com.derkovich.springdocuments.config.jwt.JwtFilter [http-nio-8080-exec-1] do filter...
2020-10-25 22:40:14,338 INFO com.derkovich.springdocuments.config.jwt.JwtFilter [http-nio-8080-exec-1] do filter...
2020-10-25 22:40:18,901 INFO com.derkovich.springdocuments.config.jwt.JwtFilter [http-nio-8080-exec-2] do filter...
2020-10-25 22:40:18,908 INFO com.derkovich.springdocuments.config.jwt.JwtFilter [http-nio-8080-exec-2] do filter...
2020-10-25 22:43:31,429 INFO com.derkovich.springdocuments.config.jwt.JwtFilter [http-nio-8080-exec-3] do filter...
2020-10-25 22:43:31,436 INFO com.derkovich.springdocuments.config.jwt.JwtFilter [http-nio-8080-exec-3] do filter...
2020-10-25 22:46:17,226 INFO org.springframework.boot.StartupInfoLogger [restartedMain] Starting SpringdocumentsApplication on DESKTOP-CIGCQPK with PID 9656 (D:\Лабы\Java\proj\target\classes started by Nikita in D:\Лабы\Java\proj)
2020-10-25 22:46:17,227 DEBUG org.springframework.boot.StartupInfoLogger [restartedMain] Running with Spring Boot v2.3.4.RELEASE, Spring v5.2.9.RELEASE
2020-10-25 22:46:17,227 INFO org.springframework.boot.SpringApplication [restartedMain] No active profile set, falling back to default profiles: default
2020-10-25 22:46:19,163 DEBUG org.springframework.web.filter.GenericFilterBean [restartedMain] Filter 'jwtFilter' configured for use
2020-10-25 22:46:20,325 INFO org.springframework.boot.StartupInfoLogger [restartedMain] Started SpringdocumentsApplication in 3.456 seconds (JVM running for 4.579)
2020-10-25 22:46:24,635 INFO com.derkovich.springdocuments.config.jwt.JwtFilter [http-nio-8080-exec-2] do filter...
2020-10-25 22:46:24,814 INFO com.derkovich.springdocuments.config.jwt.JwtFilter [http-nio-8080-exec-2] do filter...
2020-10-25 22:46:29,009 INFO com.derkovich.springdocuments.config.jwt.JwtFilter [http-nio-8080-exec-3] do filter...
2020-10-25 22:46:29,017 INFO com.derkovich.springdocuments.config.jwt.JwtFilter [http-nio-8080-exec-3] do filter...
2020-10-25 22:48:14,913 INFO com.derkovich.springdocuments.config.jwt.JwtFilter [http-nio-8080-exec-4] do filter...
2020-10-25 22:48:14,920 INFO com.derkovich.springdocuments.config.jwt.JwtFilter [http-nio-8080-exec-4] do filter...
2020-10-25 22:48:21,257 INFO com.derkovich.springdocuments.config.jwt.JwtFilter [http-nio-8080-exec-5] do filter...
2020-10-25 22:48:21,261 INFO com.derkovich.springdocuments.config.jwt.JwtFilter [http-nio-8080-exec-5] do filter...
2020-10-25 22:48:26,870 INFO com.derkovich.springdocuments.config.jwt.JwtFilter [http-nio-8080-exec-7] do filter...
2020-10-25 22:48:26,878 INFO com.derkovich.springdocuments.config.jwt.JwtFilter [http-nio-8080-exec-7] do filter...
2020-10-25 22:48:26,900 TRACE com.derkovich.springdocuments.aoplog.AOPLogger [http-nio-8080-exec-7] Admin upload start
2020-10-25 22:48:26,960 TRACE com.derkovich.springdocuments.aoplog.AOPLogger [http-nio-8080-exec-7] Admin has uploaded file
2020-10-25 22:48:27,012 INFO com.derkovich.springdocuments.config.jwt.JwtFilter [http-nio-8080-exec-10] do filter...
2020-10-25 22:48:27,015 INFO com.derkovich.springdocuments.config.jwt.JwtFilter [http-nio-8080-exec-10] do filter...
2020-10-25 22:48:42,061 INFO com.derkovich.springdocuments.config.jwt.JwtFilter [http-nio-8080-exec-2] do filter...
2020-10-25 22:48:42,068 INFO com.derkovich.springdocuments.config.jwt.JwtFilter [http-nio-8080-exec-2] do filter...
2020-10-25 22:48:42,104 INFO com.derkovich.springdocuments.config.jwt.JwtFilter [http-nio-8080-exec-4] do filter...
2020-10-25 22:48:42,107 INFO com.derkovich.springdocuments.config.jwt.JwtFilter [http-nio-8080-exec-4] do filter...
2020-10-25 22:48:44,047 INFO com.derkovich.springdocuments.config.jwt.JwtFilter [http-nio-8080-exec-7] do filter...
2020-10-25 22:48:44,054 INFO com.derkovich.springdocuments.config.jwt.JwtFilter [http-nio-8080-exec-7] do filter...
2020-10-25 22:49:53,205 INFO com.derkovich.springdocuments.config.jwt.JwtFilter [http-nio-8080-exec-10] do filter...
2020-10-25 22:49:53,213 INFO com.derkovich.springdocuments.config.jwt.JwtFilter [http-nio-8080-exec-10] do filter...
2020-10-25 22:49:53,227 TRACE com.derkovich.springdocuments.aoplog.AOPLogger [http-nio-8080-exec-10] Admin upload start
2020-10-25 22:49:53,234 TRACE com.derkovich.springdocuments.aoplog.AOPLogger [http-nio-8080-exec-10] Admin has uploaded file
2020-10-25 22:49:53,282 INFO com.derkovich.springdocuments.config.jwt.JwtFilter [http-nio-8080-exec-9] do filter...
2020-10-25 22:49:53,285 INFO com.derkovich.springdocuments.config.jwt.JwtFilter [http-nio-8080-exec-9] do filter...
2020-10-25 22:49:55,324 INFO com.derkovich.springdocuments.config.jwt.JwtFilter [http-nio-8080-exec-2] do filter...
2020-10-25 22:49:55,330 INFO com.derkovich.springdocuments.config.jwt.JwtFilter [http-nio-8080-exec-2] do filter...
2020-10-25 22:49:55,359 INFO com.derkovich.springdocuments.config.jwt.JwtFilter [http-nio-8080-exec-4] do filter...
2020-10-25 22:49:55,364 INFO com.derkovich.springdocuments.config.jwt.JwtFilter [http-nio-8080-exec-4] do filter...
2020-10-25 22:49:56,646 INFO com.derkovich.springdocuments.config.jwt.JwtFilter [http-nio-8080-exec-6] do filter...
2020-10-25 22:49:56,656 INFO com.derkovich.springdocuments.config.jwt.JwtFilter [http-nio-8080-exec-6] do filter...
2020-10-25 22:55:10,295 INFO org.springframework.boot.StartupInfoLogger [restartedMain] Starting SpringdocumentsApplication on DESKTOP-CIGCQPK with PID 11440 (D:\Лабы\Java\proj\target\classes started by Nikita in D:\Лабы\Java\proj)
2020-10-25 22:55:10,296 DEBUG org.springframework.boot.StartupInfoLogger [restartedMain] Running with Spring Boot v2.3.4.RELEASE, Spring v5.2.9.RELEASE
2020-10-25 22:55:10,296 INFO org.springframework.boot.SpringApplication [restartedMain] No active profile set, falling back to default profiles: default
2020-10-25 22:55:12,174 DEBUG org.springframework.web.filter.GenericFilterBean [restartedMain] Filter 'jwtFilter' configured for use
2020-10-25 22:55:13,260 INFO org.springframework.boot.StartupInfoLogger [restartedMain] Started SpringdocumentsApplication in 3.319 seconds (JVM running for 4.456)
2020-10-25 22:55:18,655 INFO com.derkovich.springdocuments.config.jwt.JwtFilter [http-nio-8080-exec-1] do filter...
2020-10-25 22:55:18,778 INFO com.derkovich.springdocuments.config.jwt.JwtFilter [http-nio-8080-exec-1] do filter...
2020-10-25 22:55:35,172 INFO com.derkovich.springdocuments.config.jwt.JwtFilter [http-nio-8080-exec-4] do filter...
2020-10-25 22:55:35,177 INFO com.derkovich.springdocuments.config.jwt.JwtFilter [http-nio-8080-exec-4] do filter...
2020-10-25 22:55:35,366 INFO com.derkovich.springdocuments.config.jwt.JwtFilter [http-nio-8080-exec-5] do filter...
2020-10-25 22:55:35,386 INFO com.derkovich.springdocuments.config.jwt.JwtFilter [http-nio-8080-exec-5] do filter...
2020-10-25 22:55:35,415 INFO com.derkovich.springdocuments.config.jwt.JwtFilter [http-nio-8080-exec-6] do filter...
2020-10-25 22:55:35,421 INFO com.derkovich.springdocuments.config.jwt.JwtFilter [http-nio-8080-exec-6] do filter...
