2020-11-13 11:17:20,454 INFO org.springframework.boot.StartupInfoLogger [restartedMain] Starting SpringdocumentsApplication on DESKTOP-CIGCQPK with PID 13824 (D:\Лабы\Java\proj\target\classes started by Nikita in D:\Лабы\Java\proj)
2020-11-13 11:17:20,457 DEBUG org.springframework.boot.StartupInfoLogger [restartedMain] Running with Spring Boot v2.3.4.RELEASE, Spring v5.2.9.RELEASE
2020-11-13 11:17:20,458 INFO org.springframework.boot.SpringApplication [restartedMain] No active profile set, falling back to default profiles: default
2020-11-13 11:17:23,593 DEBUG org.springframework.web.filter.GenericFilterBean [restartedMain] Filter 'jwtFilter' configured for use
2020-11-13 11:17:25,066 INFO org.springframework.boot.StartupInfoLogger [restartedMain] Started SpringdocumentsApplication in 5.054 seconds (JVM running for 6.674)
2020-11-13 11:17:32,311 INFO com.derkovich.springdocuments.config.jwt.JwtFilter [http-nio-8080-exec-1] do filter...
2020-11-13 11:17:32,322 INFO com.derkovich.springdocuments.config.jwt.JwtFilter [http-nio-8080-exec-1] do filter...
2020-11-13 11:17:32,441 INFO com.derkovich.springdocuments.config.jwt.JwtFilter [http-nio-8080-exec-2] do filter...
2020-11-13 11:17:32,442 INFO com.derkovich.springdocuments.config.jwt.JwtFilter [http-nio-8080-exec-3] do filter...
2020-11-13 11:17:32,442 INFO com.derkovich.springdocuments.config.jwt.JwtFilter [http-nio-8080-exec-2] do filter...
2020-11-13 11:17:32,442 INFO com.derkovich.springdocuments.config.jwt.JwtFilter [http-nio-8080-exec-3] do filter...
2020-11-13 11:17:32,445 INFO com.derkovich.springdocuments.config.jwt.JwtFilter [http-nio-8080-exec-5] do filter...
2020-11-13 11:17:32,446 INFO com.derkovich.springdocuments.config.jwt.JwtFilter [http-nio-8080-exec-5] do filter...
2020-11-13 11:17:32,699 INFO com.derkovich.springdocuments.config.jwt.JwtFilter [http-nio-8080-exec-4] do filter...
2020-11-13 11:17:32,699 INFO com.derkovich.springdocuments.config.jwt.JwtFilter [http-nio-8080-exec-4] do filter...
2020-11-13 11:17:32,809 INFO com.derkovich.springdocuments.config.jwt.JwtFilter [http-nio-8080-exec-6] do filter...
2020-11-13 11:17:32,812 INFO com.derkovich.springdocuments.config.jwt.JwtFilter [http-nio-8080-exec-6] do filter...
2020-11-13 11:17:32,877 INFO com.derkovich.springdocuments.config.jwt.JwtFilter [http-nio-8080-exec-7] do filter...
2020-11-13 11:17:32,878 INFO com.derkovich.springdocuments.config.jwt.JwtFilter [http-nio-8080-exec-7] do filter...
2020-11-13 11:17:33,926 INFO com.derkovich.springdocuments.config.jwt.JwtFilter [http-nio-8080-exec-8] do filter...
2020-11-13 11:17:33,927 INFO com.derkovich.springdocuments.config.jwt.JwtFilter [http-nio-8080-exec-8] do filter...
2020-11-13 11:18:42,142 INFO com.derkovich.springdocuments.config.jwt.JwtFilter [http-nio-8080-exec-5] do filter...
2020-11-13 11:18:42,398 INFO com.derkovich.springdocuments.config.jwt.JwtFilter [http-nio-8080-exec-5] do filter...
2020-11-13 11:19:16,917 INFO com.derkovich.springdocuments.config.jwt.JwtFilter [http-nio-8080-exec-6] do filter...
2020-11-13 11:19:16,930 INFO com.derkovich.springdocuments.config.jwt.JwtFilter [http-nio-8080-exec-6] do filter...
2020-11-13 11:19:20,754 INFO com.derkovich.springdocuments.config.jwt.JwtFilter [http-nio-8080-exec-9] do filter...
2020-11-13 11:19:20,766 INFO com.derkovich.springdocuments.config.jwt.JwtFilter [http-nio-8080-exec-9] do filter...
2020-11-13 11:19:20,830 INFO com.derkovich.springdocuments.config.jwt.JwtFilter [http-nio-8080-exec-10] do filter...
2020-11-13 11:19:20,839 INFO com.derkovich.springdocuments.config.jwt.JwtFilter [http-nio-8080-exec-10] do filter...
2020-11-13 11:19:40,396 INFO com.derkovich.springdocuments.config.jwt.JwtFilter [http-nio-8080-exec-5] do filter...
2020-11-13 11:19:40,428 INFO com.derkovich.springdocuments.config.jwt.JwtFilter [http-nio-8080-exec-5] do filter...
2020-11-13 11:20:01,668 INFO com.derkovich.springdocuments.config.jwt.JwtFilter [http-nio-8080-exec-4] do filter...
2020-11-13 11:20:01,676 INFO com.derkovich.springdocuments.config.jwt.JwtFilter [http-nio-8080-exec-4] do filter...
2020-11-13 11:20:01,712 TRACE com.derkovich.springdocuments.aoplog.AOPLogger [http-nio-8080-exec-4] Admin stared document update
2020-11-13 11:20:01,726 TRACE com.derkovich.springdocuments.aoplog.AOPLogger [http-nio-8080-exec-4] Admin has updated document
2020-11-13 11:20:18,007 INFO com.derkovich.springdocuments.config.jwt.JwtFilter [http-nio-8080-exec-7] do filter...
2020-11-13 11:20:18,007 INFO com.derkovich.springdocuments.config.jwt.JwtFilter [http-nio-8080-exec-8] do filter...
2020-11-13 11:20:18,013 INFO com.derkovich.springdocuments.config.jwt.JwtFilter [http-nio-8080-exec-8] do filter...
2020-11-13 11:20:18,020 INFO com.derkovich.springdocuments.config.jwt.JwtFilter [http-nio-8080-exec-7] do filter...
2020-11-13 11:20:18,122 INFO com.derkovich.springdocuments.config.jwt.JwtFilter [http-nio-8080-exec-9] do filter...
2020-11-13 11:20:18,128 INFO com.derkovich.springdocuments.config.jwt.JwtFilter [http-nio-8080-exec-9] do filter...
2020-11-13 11:20:19,140 INFO com.derkovich.springdocuments.config.jwt.JwtFilter [http-nio-8080-exec-2] do filter...
2020-11-13 11:20:19,140 INFO com.derkovich.springdocuments.config.jwt.JwtFilter [http-nio-8080-exec-5] do filter...
2020-11-13 11:20:19,145 INFO com.derkovich.springdocuments.config.jwt.JwtFilter [http-nio-8080-exec-2] do filter...
2020-11-13 11:20:19,146 INFO com.derkovich.springdocuments.config.jwt.JwtFilter [http-nio-8080-exec-5] do filter...
2020-11-13 11:20:19,232 INFO com.derkovich.springdocuments.config.jwt.JwtFilter [http-nio-8080-exec-3] do filter...
2020-11-13 11:20:19,237 INFO com.derkovich.springdocuments.config.jwt.JwtFilter [http-nio-8080-exec-3] do filter...
2020-11-13 11:20:20,058 INFO com.derkovich.springdocuments.config.jwt.JwtFilter [http-nio-8080-exec-4] do filter...
2020-11-13 11:20:20,071 INFO com.derkovich.springdocuments.config.jwt.JwtFilter [http-nio-8080-exec-4] do filter...
2020-11-13 11:20:20,982 INFO com.derkovich.springdocuments.config.jwt.JwtFilter [http-nio-8080-exec-6] do filter...
2020-11-13 11:20:20,983 INFO com.derkovich.springdocuments.config.jwt.JwtFilter [http-nio-8080-exec-8] do filter...
2020-11-13 11:20:20,994 INFO com.derkovich.springdocuments.config.jwt.JwtFilter [http-nio-8080-exec-8] do filter...
2020-11-13 11:20:20,994 INFO com.derkovich.springdocuments.config.jwt.JwtFilter [http-nio-8080-exec-6] do filter...
2020-11-13 11:20:21,902 INFO com.derkovich.springdocuments.config.jwt.JwtFilter [http-nio-8080-exec-7] do filter...
2020-11-13 11:20:21,902 INFO com.derkovich.springdocuments.config.jwt.JwtFilter [http-nio-8080-exec-9] do filter...
2020-11-13 11:20:21,909 INFO com.derkovich.springdocuments.config.jwt.JwtFilter [http-nio-8080-exec-9] do filter...
2020-11-13 11:20:21,909 INFO com.derkovich.springdocuments.config.jwt.JwtFilter [http-nio-8080-exec-7] do filter...
2020-11-13 11:20:22,827 INFO com.derkovich.springdocuments.config.jwt.JwtFilter [http-nio-8080-exec-10] do filter...
2020-11-13 11:20:22,827 INFO com.derkovich.springdocuments.config.jwt.JwtFilter [http-nio-8080-exec-1] do filter...
2020-11-13 11:20:22,830 INFO com.derkovich.springdocuments.config.jwt.JwtFilter [http-nio-8080-exec-1] do filter...
2020-11-13 11:20:22,830 INFO com.derkovich.springdocuments.config.jwt.JwtFilter [http-nio-8080-exec-10] do filter...
2020-11-13 11:20:26,944 INFO com.derkovich.springdocuments.config.jwt.JwtFilter [http-nio-8080-exec-2] do filter...
2020-11-13 11:20:26,957 INFO com.derkovich.springdocuments.config.jwt.JwtFilter [http-nio-8080-exec-2] do filter...
2020-11-13 11:20:28,852 INFO com.derkovich.springdocuments.config.jwt.JwtFilter [http-nio-8080-exec-4] do filter...
2020-11-13 11:20:28,852 INFO com.derkovich.springdocuments.config.jwt.JwtFilter [http-nio-8080-exec-6] do filter...
2020-11-13 11:20:28,855 INFO com.derkovich.springdocuments.config.jwt.JwtFilter [http-nio-8080-exec-6] do filter...
2020-11-13 11:20:28,855 INFO com.derkovich.springdocuments.config.jwt.JwtFilter [http-nio-8080-exec-4] do filter...
2020-11-13 11:20:44,734 INFO com.derkovich.springdocuments.config.jwt.JwtFilter [http-nio-8080-exec-9] do filter...
2020-11-13 11:20:44,734 INFO com.derkovich.springdocuments.config.jwt.JwtFilter [http-nio-8080-exec-1] do filter...
2020-11-13 11:20:44,737 INFO com.derkovich.springdocuments.config.jwt.JwtFilter [http-nio-8080-exec-9] do filter...
2020-11-13 11:20:44,737 INFO com.derkovich.springdocuments.config.jwt.JwtFilter [http-nio-8080-exec-1] do filter...
2020-11-13 11:20:45,327 INFO com.derkovich.springdocuments.config.jwt.JwtFilter [http-nio-8080-exec-10] do filter...
2020-11-13 11:20:45,327 INFO com.derkovich.springdocuments.config.jwt.JwtFilter [http-nio-8080-exec-2] do filter...
2020-11-13 11:20:45,330 INFO com.derkovich.springdocuments.config.jwt.JwtFilter [http-nio-8080-exec-2] do filter...
2020-11-13 11:20:45,330 INFO com.derkovich.springdocuments.config.jwt.JwtFilter [http-nio-8080-exec-10] do filter...
2020-11-13 11:20:45,965 INFO com.derkovich.springdocuments.config.jwt.JwtFilter [http-nio-8080-exec-5] do filter...
2020-11-13 11:20:45,967 INFO com.derkovich.springdocuments.config.jwt.JwtFilter [http-nio-8080-exec-3] do filter...
2020-11-13 11:20:45,972 INFO com.derkovich.springdocuments.config.jwt.JwtFilter [http-nio-8080-exec-5] do filter...
2020-11-13 11:20:45,972 INFO com.derkovich.springdocuments.config.jwt.JwtFilter [http-nio-8080-exec-3] do filter...
2020-11-13 11:20:46,594 INFO com.derkovich.springdocuments.config.jwt.JwtFilter [http-nio-8080-exec-4] do filter...
2020-11-13 11:20:46,595 INFO com.derkovich.springdocuments.config.jwt.JwtFilter [http-nio-8080-exec-6] do filter...
2020-11-13 11:20:46,605 INFO com.derkovich.springdocuments.config.jwt.JwtFilter [http-nio-8080-exec-6] do filter...
2020-11-13 11:20:46,605 INFO com.derkovich.springdocuments.config.jwt.JwtFilter [http-nio-8080-exec-4] do filter...
2020-11-13 11:20:47,271 INFO com.derkovich.springdocuments.config.jwt.JwtFilter [http-nio-8080-exec-8] do filter...
2020-11-13 11:20:47,271 INFO com.derkovich.springdocuments.config.jwt.JwtFilter [http-nio-8080-exec-7] do filter...
2020-11-13 11:20:47,276 INFO com.derkovich.springdocuments.config.jwt.JwtFilter [http-nio-8080-exec-7] do filter...
2020-11-13 11:20:47,276 INFO com.derkovich.springdocuments.config.jwt.JwtFilter [http-nio-8080-exec-8] do filter...
2020-11-13 11:20:48,199 INFO com.derkovich.springdocuments.config.jwt.JwtFilter [http-nio-8080-exec-1] do filter...
2020-11-13 11:20:48,211 INFO com.derkovich.springdocuments.config.jwt.JwtFilter [http-nio-8080-exec-1] do filter...
2020-11-13 11:20:48,272 INFO com.derkovich.springdocuments.config.jwt.JwtFilter [http-nio-8080-exec-2] do filter...
2020-11-13 11:20:48,279 INFO com.derkovich.springdocuments.config.jwt.JwtFilter [http-nio-8080-exec-2] do filter...
2020-11-13 11:20:49,225 INFO com.derkovich.springdocuments.config.jwt.JwtFilter [http-nio-8080-exec-4] do filter...
2020-11-13 11:20:49,226 INFO com.derkovich.springdocuments.config.jwt.JwtFilter [http-nio-8080-exec-6] do filter...
2020-11-13 11:20:49,232 INFO com.derkovich.springdocuments.config.jwt.JwtFilter [http-nio-8080-exec-6] do filter...
2020-11-13 11:20:49,232 INFO com.derkovich.springdocuments.config.jwt.JwtFilter [http-nio-8080-exec-4] do filter...
2020-11-13 11:20:49,278 INFO com.derkovich.springdocuments.config.jwt.JwtFilter [http-nio-8080-exec-8] do filter...
2020-11-13 11:20:49,283 INFO com.derkovich.springdocuments.config.jwt.JwtFilter [http-nio-8080-exec-8] do filter...
2020-11-13 11:20:49,846 INFO com.derkovich.springdocuments.config.jwt.JwtFilter [http-nio-8080-exec-7] do filter...
2020-11-13 11:20:49,847 INFO com.derkovich.springdocuments.config.jwt.JwtFilter [http-nio-8080-exec-9] do filter...
2020-11-13 11:20:49,852 INFO com.derkovich.springdocuments.config.jwt.JwtFilter [http-nio-8080-exec-9] do filter...
2020-11-13 11:20:49,852 INFO com.derkovich.springdocuments.config.jwt.JwtFilter [http-nio-8080-exec-7] do filter...
2020-11-13 11:20:49,890 INFO com.derkovich.springdocuments.config.jwt.JwtFilter [http-nio-8080-exec-1] do filter...
2020-11-13 11:20:49,895 INFO com.derkovich.springdocuments.config.jwt.JwtFilter [http-nio-8080-exec-1] do filter...
2020-11-13 11:20:50,302 INFO com.derkovich.springdocuments.config.jwt.JwtFilter [http-nio-8080-exec-10] do filter...
2020-11-13 11:20:50,307 INFO com.derkovich.springdocuments.config.jwt.JwtFilter [http-nio-8080-exec-10] do filter...
2020-11-13 11:20:52,233 INFO com.derkovich.springdocuments.config.jwt.JwtFilter [http-nio-8080-exec-2] do filter...
2020-11-13 11:20:52,239 INFO com.derkovich.springdocuments.config.jwt.JwtFilter [http-nio-8080-exec-2] do filter...
2020-11-13 11:20:52,263 INFO com.derkovich.springdocuments.config.jwt.JwtFilter [http-nio-8080-exec-3] do filter...
2020-11-13 11:20:52,269 INFO com.derkovich.springdocuments.config.jwt.JwtFilter [http-nio-8080-exec-3] do filter...
2020-11-13 11:20:53,154 INFO com.derkovich.springdocuments.config.jwt.JwtFilter [http-nio-8080-exec-5] do filter...
2020-11-13 11:20:53,155 INFO com.derkovich.springdocuments.config.jwt.JwtFilter [http-nio-8080-exec-4] do filter...
2020-11-13 11:20:53,160 INFO com.derkovich.springdocuments.config.jwt.JwtFilter [http-nio-8080-exec-4] do filter...
2020-11-13 11:20:53,160 INFO com.derkovich.springdocuments.config.jwt.JwtFilter [http-nio-8080-exec-5] do filter...
2020-11-13 11:20:53,200 INFO com.derkovich.springdocuments.config.jwt.JwtFilter [http-nio-8080-exec-6] do filter...
2020-11-13 11:20:53,205 INFO com.derkovich.springdocuments.config.jwt.JwtFilter [http-nio-8080-exec-6] do filter...
2020-11-13 11:20:53,710 INFO com.derkovich.springdocuments.config.jwt.JwtFilter [http-nio-8080-exec-8] do filter...
2020-11-13 11:20:53,711 INFO com.derkovich.springdocuments.config.jwt.JwtFilter [http-nio-8080-exec-7] do filter...
2020-11-13 11:20:53,713 INFO com.derkovich.springdocuments.config.jwt.JwtFilter [http-nio-8080-exec-8] do filter...
2020-11-13 11:20:53,715 INFO com.derkovich.springdocuments.config.jwt.JwtFilter [http-nio-8080-exec-7] do filter...
2020-11-13 11:20:53,741 INFO com.derkovich.springdocuments.config.jwt.JwtFilter [http-nio-8080-exec-9] do filter...
2020-11-13 11:20:53,745 INFO com.derkovich.springdocuments.config.jwt.JwtFilter [http-nio-8080-exec-9] do filter...
2020-11-13 11:21:00,197 INFO com.derkovich.springdocuments.config.jwt.JwtFilter [http-nio-8080-exec-2] do filter...
2020-11-13 11:21:00,209 INFO com.derkovich.springdocuments.config.jwt.JwtFilter [http-nio-8080-exec-2] do filter...
2020-11-13 11:21:17,556 INFO com.derkovich.springdocuments.config.jwt.JwtFilter [http-nio-8080-exec-5] do filter...
2020-11-13 11:21:17,557 INFO com.derkovich.springdocuments.config.jwt.JwtFilter [http-nio-8080-exec-4] do filter...
2020-11-13 11:21:17,560 INFO com.derkovich.springdocuments.config.jwt.JwtFilter [http-nio-8080-exec-4] do filter...
2020-11-13 11:21:17,560 INFO com.derkovich.springdocuments.config.jwt.JwtFilter [http-nio-8080-exec-5] do filter...
2020-11-13 11:21:18,223 INFO com.derkovich.springdocuments.config.jwt.JwtFilter [http-nio-8080-exec-8] do filter...
2020-11-13 11:21:18,223 INFO com.derkovich.springdocuments.config.jwt.JwtFilter [http-nio-8080-exec-6] do filter...
2020-11-13 11:21:18,227 INFO com.derkovich.springdocuments.config.jwt.JwtFilter [http-nio-8080-exec-6] do filter...
2020-11-13 11:21:18,227 INFO com.derkovich.springdocuments.config.jwt.JwtFilter [http-nio-8080-exec-8] do filter...
2020-11-13 11:21:18,892 INFO com.derkovich.springdocuments.config.jwt.JwtFilter [http-nio-8080-exec-9] do filter...
2020-11-13 11:21:18,892 INFO com.derkovich.springdocuments.config.jwt.JwtFilter [http-nio-8080-exec-7] do filter...
2020-11-13 11:21:18,895 INFO com.derkovich.springdocuments.config.jwt.JwtFilter [http-nio-8080-exec-7] do filter...
2020-11-13 11:21:18,895 INFO com.derkovich.springdocuments.config.jwt.JwtFilter [http-nio-8080-exec-9] do filter...
2020-11-13 11:21:19,724 INFO com.derkovich.springdocuments.config.jwt.JwtFilter [http-nio-8080-exec-3] do filter...
2020-11-13 11:21:19,724 INFO com.derkovich.springdocuments.config.jwt.JwtFilter [http-nio-8080-exec-2] do filter...
2020-11-13 11:21:19,727 INFO com.derkovich.springdocuments.config.jwt.JwtFilter [http-nio-8080-exec-2] do filter...
2020-11-13 11:21:19,727 INFO com.derkovich.springdocuments.config.jwt.JwtFilter [http-nio-8080-exec-3] do filter...
2020-11-13 11:21:28,694 INFO com.derkovich.springdocuments.config.jwt.JwtFilter [http-nio-8080-exec-5] do filter...
2020-11-13 11:21:28,700 INFO com.derkovich.springdocuments.config.jwt.JwtFilter [http-nio-8080-exec-5] do filter...
2020-11-13 11:21:28,731 INFO com.derkovich.springdocuments.config.jwt.JwtFilter [http-nio-8080-exec-4] do filter...
2020-11-13 11:21:28,737 INFO com.derkovich.springdocuments.config.jwt.JwtFilter [http-nio-8080-exec-4] do filter...
2020-11-13 11:21:36,580 INFO com.derkovich.springdocuments.config.jwt.JwtFilter [http-nio-8080-exec-7] do filter...
2020-11-13 11:21:36,585 INFO com.derkovich.springdocuments.config.jwt.JwtFilter [http-nio-8080-exec-7] do filter...
2020-11-13 11:21:41,028 INFO com.derkovich.springdocuments.config.jwt.JwtFilter [http-nio-8080-exec-10] do filter...
2020-11-13 11:21:41,036 INFO com.derkovich.springdocuments.config.jwt.JwtFilter [http-nio-8080-exec-10] do filter...
2020-11-13 11:21:41,093 INFO com.derkovich.springdocuments.config.jwt.JwtFilter [http-nio-8080-exec-3] do filter...
2020-11-13 11:21:41,101 INFO com.derkovich.springdocuments.config.jwt.JwtFilter [http-nio-8080-exec-3] do filter...
2020-11-13 11:21:53,290 INFO com.derkovich.springdocuments.config.jwt.JwtFilter [http-nio-8080-exec-4] do filter...
2020-11-13 11:21:53,296 INFO com.derkovich.springdocuments.config.jwt.JwtFilter [http-nio-8080-exec-4] do filter...
2020-11-13 11:21:59,835 INFO com.derkovich.springdocuments.config.jwt.JwtFilter [http-nio-8080-exec-6] do filter...
2020-11-13 11:21:59,841 INFO com.derkovich.springdocuments.config.jwt.JwtFilter [http-nio-8080-exec-6] do filter...
2020-11-13 11:32:38,320 INFO com.derkovich.springdocuments.config.jwt.JwtFilter [http-nio-8080-exec-9] do filter...
2020-11-13 11:32:38,320 INFO com.derkovich.springdocuments.config.jwt.JwtFilter [http-nio-8080-exec-1] do filter...
2020-11-13 11:32:38,324 INFO com.derkovich.springdocuments.config.jwt.JwtFilter [http-nio-8080-exec-9] do filter...
2020-11-13 11:32:38,324 INFO com.derkovich.springdocuments.config.jwt.JwtFilter [http-nio-8080-exec-1] do filter...
2020-11-13 11:33:01,453 INFO com.derkovich.springdocuments.config.jwt.JwtFilter [http-nio-8080-exec-3] do filter...
2020-11-13 11:33:01,453 INFO com.derkovich.springdocuments.config.jwt.JwtFilter [http-nio-8080-exec-5] do filter...
2020-11-13 11:33:01,457 INFO com.derkovich.springdocuments.config.jwt.JwtFilter [http-nio-8080-exec-3] do filter...
2020-11-13 11:33:01,457 INFO com.derkovich.springdocuments.config.jwt.JwtFilter [http-nio-8080-exec-5] do filter...
2020-11-13 11:33:02,008 INFO com.derkovich.springdocuments.config.jwt.JwtFilter [http-nio-8080-exec-4] do filter...
2020-11-13 11:33:02,008 INFO com.derkovich.springdocuments.config.jwt.JwtFilter [http-nio-8080-exec-8] do filter...
2020-11-13 11:33:02,017 INFO com.derkovich.springdocuments.config.jwt.JwtFilter [http-nio-8080-exec-4] do filter...
2020-11-13 11:33:02,017 INFO com.derkovich.springdocuments.config.jwt.JwtFilter [http-nio-8080-exec-8] do filter...
2020-11-13 11:33:02,811 INFO com.derkovich.springdocuments.config.jwt.JwtFilter [http-nio-8080-exec-7] do filter...
2020-11-13 11:33:02,811 INFO com.derkovich.springdocuments.config.jwt.JwtFilter [http-nio-8080-exec-6] do filter...
2020-11-13 11:33:02,813 INFO com.derkovich.springdocuments.config.jwt.JwtFilter [http-nio-8080-exec-7] do filter...
2020-11-13 11:33:02,813 INFO com.derkovich.springdocuments.config.jwt.JwtFilter [http-nio-8080-exec-6] do filter...
2020-11-13 11:44:38,870 INFO com.derkovich.springdocuments.config.jwt.JwtFilter [http-nio-8080-exec-2] do filter...
2020-11-13 11:44:38,873 INFO com.derkovich.springdocuments.config.jwt.JwtFilter [http-nio-8080-exec-2] do filter...
2020-11-13 11:44:38,899 INFO com.derkovich.springdocuments.config.jwt.JwtFilter [http-nio-8080-exec-5] do filter...
2020-11-13 11:44:38,902 INFO com.derkovich.springdocuments.config.jwt.JwtFilter [http-nio-8080-exec-5] do filter...
2020-11-13 11:44:52,297 INFO com.derkovich.springdocuments.config.jwt.JwtFilter [http-nio-8080-exec-8] do filter...
2020-11-13 11:44:52,303 INFO com.derkovich.springdocuments.config.jwt.JwtFilter [http-nio-8080-exec-8] do filter...
2020-11-13 11:44:59,194 INFO com.derkovich.springdocuments.config.jwt.JwtFilter [http-nio-8080-exec-7] do filter...
2020-11-13 11:44:59,196 INFO com.derkovich.springdocuments.config.jwt.JwtFilter [http-nio-8080-exec-9] do filter...
2020-11-13 11:44:59,199 INFO com.derkovich.springdocuments.config.jwt.JwtFilter [http-nio-8080-exec-7] do filter...
2020-11-13 11:44:59,201 INFO com.derkovich.springdocuments.config.jwt.JwtFilter [http-nio-8080-exec-9] do filter...
2020-11-13 11:44:59,209 TRACE com.derkovich.springdocuments.aoplog.AOPLogger [http-nio-8080-exec-9] Not found exception occuredThis document doesn't exist
2020-11-13 11:44:59,674 INFO com.derkovich.springdocuments.config.jwt.JwtFilter [http-nio-8080-exec-1] do filter...
2020-11-13 11:44:59,678 INFO com.derkovich.springdocuments.config.jwt.JwtFilter [http-nio-8080-exec-1] do filter...
2020-11-13 11:45:00,963 INFO com.derkovich.springdocuments.config.jwt.JwtFilter [http-nio-8080-exec-10] do filter...
2020-11-13 11:45:00,964 INFO com.derkovich.springdocuments.config.jwt.JwtFilter [http-nio-8080-exec-2] do filter...
2020-11-13 11:45:00,970 INFO com.derkovich.springdocuments.config.jwt.JwtFilter [http-nio-8080-exec-10] do filter...
2020-11-13 11:45:00,971 INFO com.derkovich.springdocuments.config.jwt.JwtFilter [http-nio-8080-exec-2] do filter...
2020-11-13 11:48:11,662 INFO com.derkovich.springdocuments.config.jwt.JwtFilter [http-nio-8080-exec-4] do filter...
2020-11-13 11:48:11,665 INFO com.derkovich.springdocuments.config.jwt.JwtFilter [http-nio-8080-exec-4] do filter...
2020-11-13 11:48:31,049 INFO com.derkovich.springdocuments.config.jwt.JwtFilter [http-nio-8080-exec-6] do filter...
2020-11-13 11:48:31,050 INFO com.derkovich.springdocuments.config.jwt.JwtFilter [http-nio-8080-exec-6] do filter...
2020-11-13 11:48:31,383 INFO com.derkovich.springdocuments.config.jwt.JwtFilter [http-nio-8080-exec-7] do filter...
2020-11-13 11:48:31,387 INFO com.derkovich.springdocuments.config.jwt.JwtFilter [http-nio-8080-exec-7] do filter...
2020-11-13 11:48:37,164 INFO com.derkovich.springdocuments.config.jwt.JwtFilter [http-nio-8080-exec-1] do filter...
2020-11-13 11:48:37,168 INFO com.derkovich.springdocuments.config.jwt.JwtFilter [http-nio-8080-exec-1] do filter...
2020-11-13 11:49:13,910 INFO com.derkovich.springdocuments.config.jwt.JwtFilter [http-nio-8080-exec-3] do filter...
2020-11-13 11:49:13,921 INFO com.derkovich.springdocuments.config.jwt.JwtFilter [http-nio-8080-exec-3] do filter...
2020-11-13 11:49:17,064 INFO com.derkovich.springdocuments.config.jwt.JwtFilter [http-nio-8080-exec-5] do filter...
2020-11-13 11:49:17,072 INFO com.derkovich.springdocuments.config.jwt.JwtFilter [http-nio-8080-exec-5] do filter...
2020-11-13 11:49:18,840 INFO com.derkovich.springdocuments.config.jwt.JwtFilter [http-nio-8080-exec-4] do filter...
2020-11-13 11:49:18,844 INFO com.derkovich.springdocuments.config.jwt.JwtFilter [http-nio-8080-exec-8] do filter...
2020-11-13 11:49:18,844 INFO com.derkovich.springdocuments.config.jwt.JwtFilter [http-nio-8080-exec-4] do filter...
2020-11-13 11:49:18,858 INFO com.derkovich.springdocuments.config.jwt.JwtFilter [http-nio-8080-exec-8] do filter...
2020-11-13 11:49:19,743 INFO com.derkovich.springdocuments.config.jwt.JwtFilter [http-nio-8080-exec-6] do filter...
2020-11-13 11:49:19,743 INFO com.derkovich.springdocuments.config.jwt.JwtFilter [http-nio-8080-exec-7] do filter...
2020-11-13 11:49:19,746 INFO com.derkovich.springdocuments.config.jwt.JwtFilter [http-nio-8080-exec-6] do filter...
2020-11-13 11:49:19,746 INFO com.derkovich.springdocuments.config.jwt.JwtFilter [http-nio-8080-exec-7] do filter...
2020-11-13 11:49:28,857 INFO com.derkovich.springdocuments.config.jwt.JwtFilter [http-nio-8080-exec-2] do filter...
2020-11-13 11:49:28,862 INFO com.derkovich.springdocuments.config.jwt.JwtFilter [http-nio-8080-exec-2] do filter...
2020-11-13 11:49:43,151 INFO com.derkovich.springdocuments.config.jwt.JwtFilter [http-nio-8080-exec-10] do filter...
2020-11-13 11:49:43,159 INFO com.derkovich.springdocuments.config.jwt.JwtFilter [http-nio-8080-exec-10] do filter...
2020-11-13 11:49:44,646 INFO com.derkovich.springdocuments.config.jwt.JwtFilter [http-nio-8080-exec-5] do filter...
2020-11-13 11:49:44,650 INFO com.derkovich.springdocuments.config.jwt.JwtFilter [http-nio-8080-exec-5] do filter...
2020-11-13 11:49:44,682 INFO com.derkovich.springdocuments.config.jwt.JwtFilter [http-nio-8080-exec-8] do filter...
2020-11-13 11:49:44,687 INFO com.derkovich.springdocuments.config.jwt.JwtFilter [http-nio-8080-exec-8] do filter...
2020-11-13 11:49:48,975 INFO com.derkovich.springdocuments.config.jwt.JwtFilter [http-nio-8080-exec-9] do filter...
2020-11-13 11:49:48,982 INFO com.derkovich.springdocuments.config.jwt.JwtFilter [http-nio-8080-exec-9] do filter...
2020-11-13 11:49:49,241 INFO com.derkovich.springdocuments.config.jwt.JwtFilter [http-nio-8080-exec-1] do filter...
2020-11-13 11:49:49,245 INFO com.derkovich.springdocuments.config.jwt.JwtFilter [http-nio-8080-exec-1] do filter...
2020-11-13 11:49:49,266 INFO com.derkovich.springdocuments.config.jwt.JwtFilter [http-nio-8080-exec-2] do filter...
2020-11-13 11:49:49,270 INFO com.derkovich.springdocuments.config.jwt.JwtFilter [http-nio-8080-exec-2] do filter...
2020-11-13 11:49:54,800 INFO com.derkovich.springdocuments.config.jwt.JwtFilter [http-nio-8080-exec-3] do filter...
2020-11-13 11:49:54,806 INFO com.derkovich.springdocuments.config.jwt.JwtFilter [http-nio-8080-exec-3] do filter...
2020-11-13 11:49:54,882 INFO com.derkovich.springdocuments.config.jwt.JwtFilter [http-nio-8080-exec-5] do filter...
2020-11-13 11:49:54,888 INFO com.derkovich.springdocuments.config.jwt.JwtFilter [http-nio-8080-exec-5] do filter...
2020-11-13 11:50:04,324 INFO com.derkovich.springdocuments.config.jwt.JwtFilter [http-nio-8080-exec-6] do filter...
2020-11-13 11:50:04,328 INFO com.derkovich.springdocuments.config.jwt.JwtFilter [http-nio-8080-exec-6] do filter...
2020-11-13 11:50:04,370 INFO com.derkovich.springdocuments.config.jwt.JwtFilter [http-nio-8080-exec-7] do filter...
2020-11-13 11:50:04,373 INFO com.derkovich.springdocuments.config.jwt.JwtFilter [http-nio-8080-exec-7] do filter...
2020-11-13 11:50:08,776 INFO com.derkovich.springdocuments.config.jwt.JwtFilter [http-nio-8080-exec-2] do filter...
2020-11-13 11:50:08,784 INFO com.derkovich.springdocuments.config.jwt.JwtFilter [http-nio-8080-exec-2] do filter...
2020-11-13 11:50:08,851 INFO com.derkovich.springdocuments.config.jwt.JwtFilter [http-nio-8080-exec-10] do filter...
2020-11-13 11:50:08,854 INFO com.derkovich.springdocuments.config.jwt.JwtFilter [http-nio-8080-exec-10] do filter...
2020-11-13 11:50:10,900 INFO com.derkovich.springdocuments.config.jwt.JwtFilter [http-nio-8080-exec-3] do filter...
2020-11-13 11:50:10,902 INFO com.derkovich.springdocuments.config.jwt.JwtFilter [http-nio-8080-exec-5] do filter...
2020-11-13 11:50:10,904 INFO com.derkovich.springdocuments.config.jwt.JwtFilter [http-nio-8080-exec-3] do filter...
2020-11-13 11:50:10,907 INFO com.derkovich.springdocuments.config.jwt.JwtFilter [http-nio-8080-exec-5] do filter...
2020-11-13 11:50:10,989 INFO com.derkovich.springdocuments.config.jwt.JwtFilter [http-nio-8080-exec-4] do filter...
2020-11-13 11:50:10,994 INFO com.derkovich.springdocuments.config.jwt.JwtFilter [http-nio-8080-exec-4] do filter...
2020-11-13 11:50:13,791 INFO com.derkovich.springdocuments.config.jwt.JwtFilter [http-nio-8080-exec-6] do filter...
2020-11-13 11:50:13,797 INFO com.derkovich.springdocuments.config.jwt.JwtFilter [http-nio-8080-exec-6] do filter...
2020-11-13 11:50:19,880 INFO com.derkovich.springdocuments.config.jwt.JwtFilter [http-nio-8080-exec-1] do filter...
2020-11-13 11:50:19,882 INFO com.derkovich.springdocuments.config.jwt.JwtFilter [http-nio-8080-exec-1] do filter...
2020-11-13 11:50:30,780 INFO com.derkovich.springdocuments.config.jwt.JwtFilter [http-nio-8080-exec-3] do filter...
2020-11-13 11:50:30,786 INFO com.derkovich.springdocuments.config.jwt.JwtFilter [http-nio-8080-exec-3] do filter...
2020-11-13 11:50:35,886 INFO com.derkovich.springdocuments.config.jwt.JwtFilter [http-nio-8080-exec-5] do filter...
2020-11-13 11:50:35,894 INFO com.derkovich.springdocuments.config.jwt.JwtFilter [http-nio-8080-exec-5] do filter...
2020-11-13 11:50:38,670 INFO com.derkovich.springdocuments.config.jwt.JwtFilter [http-nio-8080-exec-8] do filter...
2020-11-13 11:50:38,678 INFO com.derkovich.springdocuments.config.jwt.JwtFilter [http-nio-8080-exec-8] do filter...
2020-11-13 11:50:42,317 INFO com.derkovich.springdocuments.config.jwt.JwtFilter [http-nio-8080-exec-6] do filter...
2020-11-13 11:50:42,321 INFO com.derkovich.springdocuments.config.jwt.JwtFilter [http-nio-8080-exec-6] do filter...
2020-11-13 11:50:45,902 INFO com.derkovich.springdocuments.config.jwt.JwtFilter [http-nio-8080-exec-9] do filter...
2020-11-13 11:50:45,906 INFO com.derkovich.springdocuments.config.jwt.JwtFilter [http-nio-8080-exec-9] do filter...
2020-11-13 11:51:12,330 INFO com.derkovich.springdocuments.config.jwt.JwtFilter [http-nio-8080-exec-10] do filter...
2020-11-13 11:51:12,331 INFO com.derkovich.springdocuments.config.jwt.JwtFilter [http-nio-8080-exec-10] do filter...
2020-11-13 11:51:29,175 INFO com.derkovich.springdocuments.config.jwt.JwtFilter [http-nio-8080-exec-5] do filter...
2020-11-13 11:51:29,177 INFO com.derkovich.springdocuments.config.jwt.JwtFilter [http-nio-8080-exec-5] do filter...
2020-11-13 11:51:29,519 INFO com.derkovich.springdocuments.config.jwt.JwtFilter [http-nio-8080-exec-4] do filter...
2020-11-13 11:51:29,521 INFO com.derkovich.springdocuments.config.jwt.JwtFilter [http-nio-8080-exec-4] do filter...
2020-11-13 11:51:47,287 INFO com.derkovich.springdocuments.config.jwt.JwtFilter [http-nio-8080-exec-7] do filter...
2020-11-13 11:51:47,289 INFO com.derkovich.springdocuments.config.jwt.JwtFilter [http-nio-8080-exec-7] do filter...
2020-11-13 11:51:47,677 INFO com.derkovich.springdocuments.config.jwt.JwtFilter [http-nio-8080-exec-1] do filter...
2020-11-13 11:51:47,681 INFO com.derkovich.springdocuments.config.jwt.JwtFilter [http-nio-8080-exec-1] do filter...
2020-11-13 11:52:10,275 INFO com.derkovich.springdocuments.config.jwt.JwtFilter [http-nio-8080-exec-10] do filter...
2020-11-13 11:52:10,279 INFO com.derkovich.springdocuments.config.jwt.JwtFilter [http-nio-8080-exec-10] do filter...
2020-11-13 11:52:34,284 INFO com.derkovich.springdocuments.config.jwt.JwtFilter [http-nio-8080-exec-5] do filter...
2020-11-13 11:52:34,292 INFO com.derkovich.springdocuments.config.jwt.JwtFilter [http-nio-8080-exec-5] do filter...
2020-11-13 11:52:34,329 INFO com.derkovich.springdocuments.config.jwt.JwtFilter [http-nio-8080-exec-4] do filter...
2020-11-13 11:52:34,332 INFO com.derkovich.springdocuments.config.jwt.JwtFilter [http-nio-8080-exec-4] do filter...
2020-11-13 11:52:45,549 INFO com.derkovich.springdocuments.config.jwt.JwtFilter [http-nio-8080-exec-6] do filter...
2020-11-13 11:52:45,553 INFO com.derkovich.springdocuments.config.jwt.JwtFilter [http-nio-8080-exec-6] do filter...
2020-11-13 11:52:47,579 INFO com.derkovich.springdocuments.config.jwt.JwtFilter [http-nio-8080-exec-9] do filter...
2020-11-13 11:52:47,584 INFO com.derkovich.springdocuments.config.jwt.JwtFilter [http-nio-8080-exec-9] do filter...
2020-11-13 11:52:47,705 INFO com.derkovich.springdocuments.config.jwt.JwtFilter [http-nio-8080-exec-1] do filter...
2020-11-13 11:52:47,709 INFO com.derkovich.springdocuments.config.jwt.JwtFilter [http-nio-8080-exec-1] do filter...
2020-11-13 11:52:47,738 INFO com.derkovich.springdocuments.config.jwt.JwtFilter [http-nio-8080-exec-2] do filter...
2020-11-13 11:52:47,743 INFO com.derkovich.springdocuments.config.jwt.JwtFilter [http-nio-8080-exec-2] do filter...
2020-11-13 11:52:57,953 INFO com.derkovich.springdocuments.config.jwt.JwtFilter [http-nio-8080-exec-3] do filter...
2020-11-13 11:52:57,958 INFO com.derkovich.springdocuments.config.jwt.JwtFilter [http-nio-8080-exec-3] do filter...
2020-11-13 11:52:57,984 INFO com.derkovich.springdocuments.config.jwt.JwtFilter [http-nio-8080-exec-5] do filter...
2020-11-13 11:52:57,987 INFO com.derkovich.springdocuments.config.jwt.JwtFilter [http-nio-8080-exec-5] do filter...
2020-11-13 11:52:59,603 INFO com.derkovich.springdocuments.config.jwt.JwtFilter [http-nio-8080-exec-4] do filter...
2020-11-13 11:52:59,606 INFO com.derkovich.springdocuments.config.jwt.JwtFilter [http-nio-8080-exec-4] do filter...
2020-11-13 11:53:06,149 INFO com.derkovich.springdocuments.config.jwt.JwtFilter [http-nio-8080-exec-8] do filter...
2020-11-13 11:53:06,152 INFO com.derkovich.springdocuments.config.jwt.JwtFilter [http-nio-8080-exec-8] do filter...
2020-11-13 11:53:06,168 INFO com.derkovich.springdocuments.config.jwt.JwtFilter [http-nio-8080-exec-6] do filter...
2020-11-13 11:53:06,170 INFO com.derkovich.springdocuments.config.jwt.JwtFilter [http-nio-8080-exec-6] do filter...
2020-11-13 11:53:08,586 INFO com.derkovich.springdocuments.config.jwt.JwtFilter [http-nio-8080-exec-1] do filter...
2020-11-13 11:53:08,591 INFO com.derkovich.springdocuments.config.jwt.JwtFilter [http-nio-8080-exec-1] do filter...
2020-11-13 11:53:08,644 INFO com.derkovich.springdocuments.config.jwt.JwtFilter [http-nio-8080-exec-2] do filter...
2020-11-13 11:53:08,649 INFO com.derkovich.springdocuments.config.jwt.JwtFilter [http-nio-8080-exec-2] do filter...
2020-11-13 11:53:11,225 INFO com.derkovich.springdocuments.config.jwt.JwtFilter [http-nio-8080-exec-10] do filter...
2020-11-13 11:53:11,231 INFO com.derkovich.springdocuments.config.jwt.JwtFilter [http-nio-8080-exec-10] do filter...
2020-11-13 11:53:21,573 INFO com.derkovich.springdocuments.config.jwt.JwtFilter [http-nio-8080-exec-5] do filter...
2020-11-13 11:53:21,573 INFO com.derkovich.springdocuments.config.jwt.JwtFilter [http-nio-8080-exec-5] do filter...
2020-11-13 11:53:21,862 INFO com.derkovich.springdocuments.config.jwt.JwtFilter [http-nio-8080-exec-4] do filter...
2020-11-13 11:53:21,865 INFO com.derkovich.springdocuments.config.jwt.JwtFilter [http-nio-8080-exec-4] do filter...
2020-11-13 11:53:32,875 INFO com.derkovich.springdocuments.config.jwt.JwtFilter [http-nio-8080-exec-6] do filter...
2020-11-13 11:53:32,879 INFO com.derkovich.springdocuments.config.jwt.JwtFilter [http-nio-8080-exec-6] do filter...
2020-11-13 11:53:54,915 INFO com.derkovich.springdocuments.config.jwt.JwtFilter [http-nio-8080-exec-9] do filter...
2020-11-13 11:53:54,918 INFO com.derkovich.springdocuments.config.jwt.JwtFilter [http-nio-8080-exec-9] do filter...
2020-11-13 11:53:54,932 INFO com.derkovich.springdocuments.config.jwt.JwtFilter [http-nio-8080-exec-1] do filter...
2020-11-13 11:53:54,934 INFO com.derkovich.springdocuments.config.jwt.JwtFilter [http-nio-8080-exec-1] do filter...
2020-11-13 11:54:02,726 INFO com.derkovich.springdocuments.config.jwt.JwtFilter [http-nio-8080-exec-10] do filter...
2020-11-13 11:54:02,729 INFO com.derkovich.springdocuments.config.jwt.JwtFilter [http-nio-8080-exec-10] do filter...
2020-11-13 11:54:02,758 INFO com.derkovich.springdocuments.config.jwt.JwtFilter [http-nio-8080-exec-3] do filter...
2020-11-13 11:54:02,761 INFO com.derkovich.springdocuments.config.jwt.JwtFilter [http-nio-8080-exec-3] do filter...
2020-11-13 11:54:19,707 INFO com.derkovich.springdocuments.config.jwt.JwtFilter [http-nio-8080-exec-4] do filter...
2020-11-13 11:54:19,708 INFO com.derkovich.springdocuments.config.jwt.JwtFilter [http-nio-8080-exec-4] do filter...
2020-11-13 11:54:20,015 INFO com.derkovich.springdocuments.config.jwt.JwtFilter [http-nio-8080-exec-8] do filter...
2020-11-13 11:54:20,018 INFO com.derkovich.springdocuments.config.jwt.JwtFilter [http-nio-8080-exec-8] do filter...
2020-11-13 11:54:21,380 INFO com.derkovich.springdocuments.config.jwt.JwtFilter [http-nio-8080-exec-6] do filter...
2020-11-13 11:54:21,386 INFO com.derkovich.springdocuments.config.jwt.JwtFilter [http-nio-8080-exec-6] do filter...
2020-11-13 11:54:23,325 INFO com.derkovich.springdocuments.config.jwt.JwtFilter [http-nio-8080-exec-7] do filter...
2020-11-13 11:54:23,330 INFO com.derkovich.springdocuments.config.jwt.JwtFilter [http-nio-8080-exec-7] do filter...
2020-11-13 11:54:23,378 INFO com.derkovich.springdocuments.config.jwt.JwtFilter [http-nio-8080-exec-9] do filter...
2020-11-13 11:54:23,386 INFO com.derkovich.springdocuments.config.jwt.JwtFilter [http-nio-8080-exec-9] do filter...
2020-11-13 11:54:38,101 INFO com.derkovich.springdocuments.config.jwt.JwtFilter [http-nio-8080-exec-2] do filter...
2020-11-13 11:54:38,106 INFO com.derkovich.springdocuments.config.jwt.JwtFilter [http-nio-8080-exec-2] do filter...
2020-11-13 11:54:38,151 INFO com.derkovich.springdocuments.config.jwt.JwtFilter [http-nio-8080-exec-10] do filter...
2020-11-13 11:54:38,156 INFO com.derkovich.springdocuments.config.jwt.JwtFilter [http-nio-8080-exec-10] do filter...
2020-11-13 11:54:42,737 INFO com.derkovich.springdocuments.config.jwt.JwtFilter [http-nio-8080-exec-3] do filter...
2020-11-13 11:54:42,742 INFO com.derkovich.springdocuments.config.jwt.JwtFilter [http-nio-8080-exec-3] do filter...
2020-11-13 11:54:42,786 INFO com.derkovich.springdocuments.config.jwt.JwtFilter [http-nio-8080-exec-5] do filter...
2020-11-13 11:54:42,792 INFO com.derkovich.springdocuments.config.jwt.JwtFilter [http-nio-8080-exec-5] do filter...
2020-11-13 11:55:13,208 INFO com.derkovich.springdocuments.config.jwt.JwtFilter [http-nio-8080-exec-4] do filter...
2020-11-13 11:55:13,209 INFO com.derkovich.springdocuments.config.jwt.JwtFilter [http-nio-8080-exec-4] do filter...
2020-11-13 11:55:26,560 INFO com.derkovich.springdocuments.config.jwt.JwtFilter [http-nio-8080-exec-8] do filter...
2020-11-13 11:55:26,560 INFO com.derkovich.springdocuments.config.jwt.JwtFilter [http-nio-8080-exec-8] do filter...
2020-11-13 11:55:26,792 INFO com.derkovich.springdocuments.config.jwt.JwtFilter [http-nio-8080-exec-6] do filter...
2020-11-13 11:55:26,794 INFO com.derkovich.springdocuments.config.jwt.JwtFilter [http-nio-8080-exec-6] do filter...
2020-11-13 11:55:37,035 INFO com.derkovich.springdocuments.config.jwt.JwtFilter [http-nio-8080-exec-7] do filter...
2020-11-13 11:55:37,036 INFO com.derkovich.springdocuments.config.jwt.JwtFilter [http-nio-8080-exec-7] do filter...
2020-11-13 11:55:37,318 INFO com.derkovich.springdocuments.config.jwt.JwtFilter [http-nio-8080-exec-9] do filter...
2020-11-13 11:55:37,321 INFO com.derkovich.springdocuments.config.jwt.JwtFilter [http-nio-8080-exec-9] do filter...
2020-11-13 11:55:38,624 INFO com.derkovich.springdocuments.config.jwt.JwtFilter [http-nio-8080-exec-1] do filter...
2020-11-13 11:55:38,630 INFO com.derkovich.springdocuments.config.jwt.JwtFilter [http-nio-8080-exec-1] do filter...
2020-11-13 11:55:40,638 INFO com.derkovich.springdocuments.config.jwt.JwtFilter [http-nio-8080-exec-2] do filter...
2020-11-13 11:55:40,645 INFO com.derkovich.springdocuments.config.jwt.JwtFilter [http-nio-8080-exec-2] do filter...
2020-11-13 11:55:40,683 INFO com.derkovich.springdocuments.config.jwt.JwtFilter [http-nio-8080-exec-10] do filter...
2020-11-13 11:55:40,686 INFO com.derkovich.springdocuments.config.jwt.JwtFilter [http-nio-8080-exec-10] do filter...
2020-11-13 11:56:13,495 INFO com.derkovich.springdocuments.config.jwt.JwtFilter [http-nio-8080-exec-3] do filter...
2020-11-13 11:56:13,502 INFO com.derkovich.springdocuments.config.jwt.JwtFilter [http-nio-8080-exec-3] do filter...
2020-11-13 11:56:13,555 INFO com.derkovich.springdocuments.config.jwt.JwtFilter [http-nio-8080-exec-5] do filter...
2020-11-13 11:56:13,561 INFO com.derkovich.springdocuments.config.jwt.JwtFilter [http-nio-8080-exec-5] do filter...
2020-11-13 11:56:16,530 INFO com.derkovich.springdocuments.config.jwt.JwtFilter [http-nio-8080-exec-4] do filter...
2020-11-13 11:56:16,533 INFO com.derkovich.springdocuments.config.jwt.JwtFilter [http-nio-8080-exec-8] do filter...
2020-11-13 11:56:16,535 INFO com.derkovich.springdocuments.config.jwt.JwtFilter [http-nio-8080-exec-4] do filter...
2020-11-13 11:56:16,536 INFO com.derkovich.springdocuments.config.jwt.JwtFilter [http-nio-8080-exec-8] do filter...
2020-11-13 11:56:16,567 INFO com.derkovich.springdocuments.config.jwt.JwtFilter [http-nio-8080-exec-6] do filter...
2020-11-13 11:56:16,569 INFO com.derkovich.springdocuments.config.jwt.JwtFilter [http-nio-8080-exec-6] do filter...
2020-11-13 11:57:12,626 INFO com.derkovich.springdocuments.config.jwt.JwtFilter [http-nio-8080-exec-1] do filter...
2020-11-13 11:57:12,627 INFO com.derkovich.springdocuments.config.jwt.JwtFilter [http-nio-8080-exec-1] do filter...
2020-11-13 11:57:12,879 INFO com.derkovich.springdocuments.config.jwt.JwtFilter [http-nio-8080-exec-2] do filter...
2020-11-13 11:57:12,883 INFO com.derkovich.springdocuments.config.jwt.JwtFilter [http-nio-8080-exec-2] do filter...
2020-11-13 11:57:24,057 INFO com.derkovich.springdocuments.config.jwt.JwtFilter [http-nio-8080-exec-3] do filter...
2020-11-13 11:57:24,060 INFO com.derkovich.springdocuments.config.jwt.JwtFilter [http-nio-8080-exec-3] do filter...
2020-11-13 11:57:25,796 INFO com.derkovich.springdocuments.config.jwt.JwtFilter [http-nio-8080-exec-5] do filter...
2020-11-13 11:57:25,803 INFO com.derkovich.springdocuments.config.jwt.JwtFilter [http-nio-8080-exec-5] do filter...
2020-11-13 11:57:43,361 INFO com.derkovich.springdocuments.config.jwt.JwtFilter [http-nio-8080-exec-4] do filter...
2020-11-13 11:57:43,366 INFO com.derkovich.springdocuments.config.jwt.JwtFilter [http-nio-8080-exec-4] do filter...
2020-11-13 11:58:04,831 INFO com.derkovich.springdocuments.config.jwt.JwtFilter [http-nio-8080-exec-8] do filter...
2020-11-13 11:58:04,840 INFO com.derkovich.springdocuments.config.jwt.JwtFilter [http-nio-8080-exec-8] do filter...
2020-11-13 11:58:04,892 TRACE com.derkovich.springdocuments.aoplog.AOPLogger [http-nio-8080-exec-8] Admin upload start
2020-11-13 11:58:04,921 TRACE com.derkovich.springdocuments.aoplog.AOPLogger [http-nio-8080-exec-8] Admin has uploaded file
2020-11-13 11:58:05,032 INFO com.derkovich.springdocuments.config.jwt.JwtFilter [http-nio-8080-exec-6] do filter...
2020-11-13 11:58:05,035 INFO com.derkovich.springdocuments.config.jwt.JwtFilter [http-nio-8080-exec-6] do filter...
2020-11-13 11:58:10,287 INFO com.derkovich.springdocuments.config.jwt.JwtFilter [http-nio-8080-exec-9] do filter...
2020-11-13 11:58:10,293 INFO com.derkovich.springdocuments.config.jwt.JwtFilter [http-nio-8080-exec-9] do filter...
2020-11-13 11:58:10,343 INFO com.derkovich.springdocuments.config.jwt.JwtFilter [http-nio-8080-exec-2] do filter...
2020-11-13 11:58:10,347 INFO com.derkovich.springdocuments.config.jwt.JwtFilter [http-nio-8080-exec-2] do filter...
2020-11-13 11:58:13,011 INFO com.derkovich.springdocuments.config.jwt.JwtFilter [http-nio-8080-exec-10] do filter...
2020-11-13 11:58:13,017 INFO com.derkovich.springdocuments.config.jwt.JwtFilter [http-nio-8080-exec-10] do filter...
2020-11-13 11:58:13,033 INFO com.derkovich.springdocuments.config.jwt.JwtFilter [http-nio-8080-exec-5] do filter...
2020-11-13 11:58:13,040 INFO com.derkovich.springdocuments.config.jwt.JwtFilter [http-nio-8080-exec-5] do filter...
2020-11-13 11:58:13,084 INFO com.derkovich.springdocuments.config.jwt.JwtFilter [http-nio-8080-exec-4] do filter...
2020-11-13 11:58:13,089 INFO com.derkovich.springdocuments.config.jwt.JwtFilter [http-nio-8080-exec-4] do filter...
